<html>
<head>
<title>TestNG:  DemoTest</title>
<link href="../testng.css" rel="stylesheet" type="text/css" />
<link href="../my-testng.css" rel="stylesheet" type="text/css" />

<style type="text/css">
.log { display: none;} 
.stack-trace { display: none;} 
</style>
<script type="text/javascript">
<!--
function flip(e) {
  current = e.style.display;
  if (current == 'block') {
    e.style.display = 'none';
    return 0;
  }
  else {
    e.style.display = 'block';
    return 1;
  }
}

function toggleBox(szDivId, elem, msg1, msg2)
{
  var res = -1;  if (document.getElementById) {
    res = flip(document.getElementById(szDivId));
  }
  else if (document.all) {
    // this is the way old msie versions work
    res = flip(document.all[szDivId]);
  }
  if(elem) {
    if(res == 0) elem.innerHTML = msg1; else elem.innerHTML = msg2;
  }

}

function toggleAllBoxes() {
  if (document.getElementsByTagName) {
    d = document.getElementsByTagName('div');
    for (i = 0; i < d.length; i++) {
      if (d[i].className == 'log') {
        flip(d[i]);
      }
    }
  }
}

// -->
</script>

</head>
<body>
<h2 align='center'>DemoTest</h2><table border='1' align="center">
<tr>
<td>Tests passed/Failed/Skipped:</td><td>0/1/0</td>
</tr><tr>
<td>Started on:</td><td>Wed Jun 21 18:09:55 IST 2017</td>
</tr>
<tr><td>Total time:</td><td>208 seconds (208673 ms)</td>
</tr><tr>
<td>Included groups:</td><td></td>
</tr><tr>
<td>Excluded groups:</td><td></td>
</tr>
</table><p/>
<small><i>(Hover the method name to see the test class name)</i></small><p/>
<table width='100%' border='1' class='invocation-failed'>
<tr><td colspan='4' align='center'><b>FAILED TESTS</b></td></tr>
<tr><td><b>Test method</b></td>
<td width="30%"><b>Exception</b></td>
<td width="10%"><b>Time (seconds)</b></td>
<td><b>Instance</b></td>
</tr>
<tr>
<td title='com.timesofindia.tests.ToiTest.toiPageVerification()'><b>toiPageVerification</b><br>Test class: com.timesofindia.tests.ToiTest<br>Test method: Times Of India Page verification<br/>
<a href="#Output-1371376476" onClick='toggleBox("Output-1371376476", this, "Show output", "Hide output");'>Show output</a>

<a href="#Output-1371376476" onClick="toggleAllBoxes();">Show all outputs</a>
<div class='log' id="Output-1371376476">
<div style="display:block;margin-left:10px;"><div  class="teststeppass"><span class="teststeppass-label">T </span>Decline notifications</div><div style="display:block;margin-left:10px;"><div  class="pass"><span class="pass-label">P </span>Expected Notification Pop-Up present : Actual Notification Pop-Up present <a href="../img/toiPageVerification_1rfqzidoi7uoj39295.png" target="_blank">[View Screenshot]</a> </div><div  class="pass"><span class="pass-label">P </span>Expected Not now button on Pop-Up present : Actual Not now button on Pop-Up present <a href="../img/toiPageVerification_1v9w24musgdcv39296.png" target="_blank">[View Screenshot]</a> </div><div  class="info"><span class="info-label">I </span>Declining popup - Not to receive notofications</div><div  class="info"><span class="info-label">I </span>No notification present</div></div><div  class="teststeppass"><span class="teststeppass-label">T </span>Get List of top-stories and print</div><div style="display:block;margin-left:10px;"><div  class="info"><span class="info-label">I </span>Saudi Arabia's king ousts nephew, promotes son as successor
1 hr ago</div><div  class="info"><span class="info-label">I </span>Presidential poll: Jolt to opposition unity, JD(U) to support Kovind
3 hrs ago</div><div  class="info"><span class="info-label">I </span>Just saying, stuck to a coach I hated, for 20 years: Abhinav Bindra
3 hrs ago</div><div  class="info"><span class="info-label">I </span>Ex-judge Karnan brought to Kolkata, taken to jail
5 mins ago</div><div  class="info"><span class="info-label">I </span>Travis Kalanick - Uber's disruptive driving force
55 mins ago</div><div  class="info"><span class="info-label">I </span>Darjeeling bandh: GJM offers 12-hour 'window' to schools to evacuate students
1 hr ago</div><div  class="info"><span class="info-label">I </span>Spat with Kohli: Kumble exit seen as triumph for player power
5 hrs ago</div><div  class="info"><span class="info-label">I </span>FERA cases: Sasikala appears through videoconferencing
15 mins ago</div><div  class="info"><span class="info-label">I </span>OnePlus 5: 5 reasons to buy and not buy the flagship smartphone
3 hrs ago</div><div  class="info"><span class="info-label">I </span>Honda's new most affordable scooter: 10 things to know
28 mins ago</div><div  class="info"><span class="info-label">I </span>Akshay Kumar to play PM Narendra Modi in a film?
2 hrs ago</div><div  class="info"><span class="info-label">I </span>Humour: Twitter reacts to Kumble's resignation
19 mins ago</div><div  class="info"><span class="info-label">I </span>BMC demolishes actor Arshad Warsi's Versova bungalow
1 hr ago</div><div  class="info"><span class="info-label">I </span>India most reliable partner for Afghanistan: Pentagon
4 hrs ago</div><div  class="info"><span class="info-label">I </span>Karnataka waives loan up to Rs 50,000 per farmer
2 hrs ago</div><div  class="info"><span class="info-label">I </span>International Yoga Day 2017: Complete coverage
6 hrs ago</div><div  class="info"><span class="info-label">I </span>'Need leave from work to eat chicken': Railway employee's application goes viral
1 hr ago</div><div  class="info"><span class="info-label">I </span>In pics: Yoga records across India
1 hr ago</div><div  class="info"><span class="info-label">I </span>Supreme Court refuses to grant interim bail to CS Karnan
3 hrs ago</div><div  class="info"><span class="info-label">I </span>Builders asking flat buyers to make full payment by Jul 1 illegal: Naidu
3 hrs ago</div><div  class="info"><span class="info-label">I </span>Shocking contestants in Playboy Bunny outfits
3 hrs ago</div></div><div  class="teststepfail"><span class="teststepfail-label">T </span>Verify each news title <a href="../img/toiPageVerification_8em1gylp42qy39299.png" target="_blank">[View Screenshot]</a> </div><div style="display:block;margin-left:10px;"><div  class="info"><span class="info-label">I </span>News title is : Saudi Prince: Saudi Arabia's Mohammed bin Salman elevated to Crown Prince - The Times of India on Mobile</div><div  class="pass"><span class="pass-label">P </span>Expected Top News present : Actual Top News present <a href="../img/toiPageVerification_8yyecjjabahd39297.png" target="_blank">[View Screenshot]</a> </div><div  class="info"><span class="info-label">I </span>News title is : Nitish Kumar: Setback for opposition unity, JD(U) to support Ram Nath Kovind</div><div  class="pass"><span class="pass-label">P </span>Expected Top News present : Actual Top News present <a href="../img/toiPageVerification_q0u93qv66p5r39298.png" target="_blank">[View Screenshot]</a> </div><div  class="fail"><span class="fail-label">F </span>org.openqa.selenium.WebDriverException: unknown error: Element <li>...</li> is not clickable at point (187, 621). Other element would receive the click: <iframe id="google_ads_iframe_/7176/TOI_MWeb/TOI_MWeb_Home/TOI_MWeb_HP_PT_FBN_0" title="3rd party ad content" name="google_ads_iframe_/7176/TOI_MWeb/TOI_MWeb_Home/TOI_MWeb_HP_PT_FBN_0" width="320" height="50" scrolling="no" marginwidth="0" marginheight="0" frameborder="0" style="border: 0px; vertical-align: bottom;"></iframe>
  (Session info: chrome=58.0.3029.110)
  (Driver info: chromedriver=2.29.461591 (62ebf098771772160f391d75e589dc567915b233),platform=Windows NT 6.3.9600 x86_64) (WARNING: The server did not provide any stacktrace information)
Command duration or timeout: 104 milliseconds
Build info: version: '2.53.0', revision: '35ae25b1534ae328c771e0856c93e187490ca824', time: '2016-03-15 10:43:46'
System info: host: 'icpl12186', ip: '192.168.56.1', os.name: 'Windows 8.1', os.arch: 'amd64', os.version: '6.3', java.version: '1.8.0_111'
Driver info: com.qmetry.qaf.automation.ui.webdriver.QAFExtendedWebDriver
Capabilities [{applicationCacheEnabled=false, rotatable=false, mobileEmulationEnabled=true, networkConnectionEnabled=false, chrome={chromedriverVersion=2.29.461591 (62ebf098771772160f391d75e589dc567915b233), userDataDir=C:\Users\TAPAS~1.PAD\AppData\Local\Temp\scoped_dir9320_2837}, takesHeapSnapshot=true, pageLoadStrategy=normal, databaseEnabled=false, handlesAlerts=true, hasTouchScreen=true, version=58.0.3029.110, platform=WIN8_1, browserConnectionEnabled=false, nativeEvents=true, acceptSslCerts=true, locationContextEnabled=true, webStorageEnabled=true, browserName=chrome, takesScreenshot=true, javascriptEnabled=true, cssSelectorsEnabled=true, unexpectedAlertBehaviour=}]
Session ID: 05e6a3ea9f9a63afc8998a600c5e0500</div></div></div><br/>
</div>
</td>
<td><div><pre>org.openqa.selenium.WebDriverException: unknown error: Element &lt;li&gt;...&lt;/li&gt; is not clickable at point (187, 621). Other element would receive the click: &lt;iframe id=&quot;google_ads_iframe_/7176/TOI_MWeb/TOI_MWeb_Home/TOI_MWeb_HP_PT_FBN_0&quot; title=&quot;3rd party ad content&quot; name=&quot;google_ads_iframe_/7176/TOI_MWeb/TOI_MWeb_Home/TOI_MWeb_HP_PT_FBN_0&quot; width=&quot;320&quot; height=&quot;50&quot; scrolling=&quot;no&quot; marginwidth=&quot;0&quot; marginheight=&quot;0&quot; frameborder=&quot;0&quot; style=&quot;border: 0px; vertical-align: bottom;&quot;&gt;&lt;/iframe&gt;
  (Session info: chrome=58.0.3029.110)
  (Driver info: chromedriver=2.29.461591 (62ebf098771772160f391d75e589dc567915b233),platform=Windows NT 6.3.9600 x86_64) (WARNING: The server did not provide any stacktrace information)
Command duration or timeout: 104 milliseconds
Build info: version: &apos;2.53.0&apos;, revision: &apos;35ae25b1534ae328c771e0856c93e187490ca824&apos;, time: &apos;2016-03-15 10:43:46&apos;
System info: host: &apos;icpl12186&apos;, ip: &apos;192.168.56.1&apos;, os.name: &apos;Windows 8.1&apos;, os.arch: &apos;amd64&apos;, os.version: &apos;6.3&apos;, java.version: &apos;1.8.0_111&apos;
Driver info: com.qmetry.qaf.automation.ui.webdriver.QAFExtendedWebDriver
Capabilities [{applicationCacheEnabled=false, rotatable=false, mobileEmulationEnabled=true, networkConnectionEnabled=false, chrome={chromedriverVersion=2.29.461591 (62ebf098771772160f391d75e589dc567915b233), userDataDir=C:\Users\TAPAS~1.PAD\AppData\Local\Temp\scoped_dir9320_2837}, takesHeapSnapshot=true, pageLoadStrategy=normal, databaseEnabled=false, handlesAlerts=true, hasTouchScreen=true, version=58.0.3029.110, platform=WIN8_1, browserConnectionEnabled=false, nativeEvents=true, acceptSslCerts=true, locationContextEnabled=true, webStorageEnabled=true, browserName=chrome, takesScreenshot=true, javascriptEnabled=true, cssSelectorsEnabled=true, unexpectedAlertBehaviour=}]
Session ID: 05e6a3ea9f9a63afc8998a600c5e0500
	at org.openqa.selenium.remote.ErrorHandler.createThrowable(ErrorHandler.java:206)
	at org.openqa.selenium.remote.ErrorHandler.throwIfResponseFailed(ErrorHandler.java:158)
	at org.openqa.selenium.remote.RemoteWebDriver.execute(RemoteWebDriver.java:678)
	at com.qmetry.qaf.automation.ui.webdriver.QAFExtendedWebDriver.executeWitoutLog(QAFExtendedWebDriver.java:256)
	at com.qmetry.qaf.automation.ui.webdriver.QAFExtendedWebElement.execute(QAFExtendedWebElement.java:252)
	at org.openqa.selenium.remote.RemoteWebElement.click(RemoteWebElement.java:85)
	at com.timesofindia.defs.DetailsNewsDefs.verifyNewsTitle_aroundBody0(DetailsNewsDefs.java:23)
	at com.timesofindia.defs.DetailsNewsDefs$AjcClosure1.run(DetailsNewsDefs.java:1)
	at com.qmetry.qaf.automation.step.JavaStepReporter$MockJavaStep.doExecute(JavaStepReporter.java:138)
	at com.qmetry.qaf.automation.step.BaseTestStep.execute(BaseTestStep.java:149)
	at com.qmetry.qaf.automation.step.JavaStepReporter.javaTestStep(JavaStepReporter.java:88)
	at com.timesofindia.defs.DetailsNewsDefs.verifyNewsTitle(DetailsNewsDefs.java:17)
	at com.timesofindia.tests.ToiTest.toiPageVerification(ToiTest.java:45)
... Removed 38 stack frames</pre></div><a href='#' onClick='toggleBox("stack-trace1371376476", this, "Click to show all stack frames", "Click to hide stack frames")'>Click to show all stack frames</a>
<div class='stack-trace' id='stack-trace1371376476'><pre>org.openqa.selenium.WebDriverException: unknown error: Element &lt;li&gt;...&lt;/li&gt; is not clickable at point (187, 621). Other element would receive the click: &lt;iframe id=&quot;google_ads_iframe_/7176/TOI_MWeb/TOI_MWeb_Home/TOI_MWeb_HP_PT_FBN_0&quot; title=&quot;3rd party ad content&quot; name=&quot;google_ads_iframe_/7176/TOI_MWeb/TOI_MWeb_Home/TOI_MWeb_HP_PT_FBN_0&quot; width=&quot;320&quot; height=&quot;50&quot; scrolling=&quot;no&quot; marginwidth=&quot;0&quot; marginheight=&quot;0&quot; frameborder=&quot;0&quot; style=&quot;border: 0px; vertical-align: bottom;&quot;&gt;&lt;/iframe&gt;
  (Session info: chrome=58.0.3029.110)
  (Driver info: chromedriver=2.29.461591 (62ebf098771772160f391d75e589dc567915b233),platform=Windows NT 6.3.9600 x86_64) (WARNING: The server did not provide any stacktrace information)
Command duration or timeout: 104 milliseconds
Build info: version: &apos;2.53.0&apos;, revision: &apos;35ae25b1534ae328c771e0856c93e187490ca824&apos;, time: &apos;2016-03-15 10:43:46&apos;
System info: host: &apos;icpl12186&apos;, ip: &apos;192.168.56.1&apos;, os.name: &apos;Windows 8.1&apos;, os.arch: &apos;amd64&apos;, os.version: &apos;6.3&apos;, java.version: &apos;1.8.0_111&apos;
Driver info: com.qmetry.qaf.automation.ui.webdriver.QAFExtendedWebDriver
Capabilities [{applicationCacheEnabled=false, rotatable=false, mobileEmulationEnabled=true, networkConnectionEnabled=false, chrome={chromedriverVersion=2.29.461591 (62ebf098771772160f391d75e589dc567915b233), userDataDir=C:\Users\TAPAS~1.PAD\AppData\Local\Temp\scoped_dir9320_2837}, takesHeapSnapshot=true, pageLoadStrategy=normal, databaseEnabled=false, handlesAlerts=true, hasTouchScreen=true, version=58.0.3029.110, platform=WIN8_1, browserConnectionEnabled=false, nativeEvents=true, acceptSslCerts=true, locationContextEnabled=true, webStorageEnabled=true, browserName=chrome, takesScreenshot=true, javascriptEnabled=true, cssSelectorsEnabled=true, unexpectedAlertBehaviour=}]
Session ID: 05e6a3ea9f9a63afc8998a600c5e0500
	at sun.reflect.NativeConstructorAccessorImpl.newInstance0(Native Method)
	at sun.reflect.NativeConstructorAccessorImpl.newInstance(NativeConstructorAccessorImpl.java:62)
	at sun.reflect.DelegatingConstructorAccessorImpl.newInstance(DelegatingConstructorAccessorImpl.java:45)
	at java.lang.reflect.Constructor.newInstance(Constructor.java:423)
	at org.openqa.selenium.remote.ErrorHandler.createThrowable(ErrorHandler.java:206)
	at org.openqa.selenium.remote.ErrorHandler.throwIfResponseFailed(ErrorHandler.java:158)
	at org.openqa.selenium.remote.RemoteWebDriver.execute(RemoteWebDriver.java:678)
	at com.qmetry.qaf.automation.ui.webdriver.QAFExtendedWebDriver.executeWitoutLog(QAFExtendedWebDriver.java:256)
	at com.qmetry.qaf.automation.ui.webdriver.QAFExtendedWebElement.execute(QAFExtendedWebElement.java:252)
	at org.openqa.selenium.remote.RemoteWebElement.click(RemoteWebElement.java:85)
	at com.timesofindia.defs.DetailsNewsDefs.verifyNewsTitle_aroundBody0(DetailsNewsDefs.java:23)
	at com.timesofindia.defs.DetailsNewsDefs$AjcClosure1.run(DetailsNewsDefs.java:1)
	at org.aspectj.runtime.reflect.JoinPointImpl.proceed(JoinPointImpl.java:149)
	at com.qmetry.qaf.automation.step.JavaStepReporter$MockJavaStep.doExecute(JavaStepReporter.java:138)
	at com.qmetry.qaf.automation.step.BaseTestStep.execute(BaseTestStep.java:149)
	at com.qmetry.qaf.automation.step.JavaStepReporter.javaTestStep(JavaStepReporter.java:88)
	at com.timesofindia.defs.DetailsNewsDefs.verifyNewsTitle(DetailsNewsDefs.java:17)
	at com.timesofindia.tests.ToiTest.toiPageVerification(ToiTest.java:45)
	at sun.reflect.NativeMethodAccessorImpl.invoke0(Native Method)
	at sun.reflect.NativeMethodAccessorImpl.invoke(NativeMethodAccessorImpl.java:62)
	at sun.reflect.DelegatingMethodAccessorImpl.invoke(DelegatingMethodAccessorImpl.java:43)
	at java.lang.reflect.Method.invoke(Method.java:498)
	at org.testng.internal.MethodInvocationHelper.invokeMethod(MethodInvocationHelper.java:86)
	at org.testng.internal.Invoker.invokeMethod(Invoker.java:643)
	at org.testng.internal.Invoker.invokeTestMethod(Invoker.java:820)
	at org.testng.internal.Invoker.invokeTestMethods(Invoker.java:1128)
	at org.testng.internal.TestMethodWorker.invokeTestMethods(TestMethodWorker.java:129)
	at org.testng.internal.TestMethodWorker.run(TestMethodWorker.java:112)
	at org.testng.TestRunner.privateRun(TestRunner.java:805)
	at org.testng.TestRunner.run(TestRunner.java:655)
	at org.testng.SuiteRunner.runTest(SuiteRunner.java:366)
	at org.testng.SuiteRunner.runSequentially(SuiteRunner.java:361)
	at org.testng.SuiteRunner.privateRun(SuiteRunner.java:319)
	at org.testng.SuiteRunner.run(SuiteRunner.java:268)
	at org.testng.SuiteRunnerWorker.runSuite(SuiteRunnerWorker.java:52)
	at org.testng.SuiteRunnerWorker.run(SuiteRunnerWorker.java:86)
	at org.testng.TestNG.runSuitesSequentially(TestNG.java:1244)
	at org.testng.TestNG.runSuitesLocally(TestNG.java:1169)
	at org.testng.TestNG.run(TestNG.java:1064)
	at org.apache.maven.surefire.testng.TestNGExecutor.run(TestNGExecutor.java:122)
	at org.apache.maven.surefire.testng.TestNGXmlTestSuite.execute(TestNGXmlTestSuite.java:92)
	at org.apache.maven.surefire.testng.TestNGProvider.invoke(TestNGProvider.java:101)
	at sun.reflect.NativeMethodAccessorImpl.invoke0(Native Method)
	at sun.reflect.NativeMethodAccessorImpl.invoke(NativeMethodAccessorImpl.java:62)
	at sun.reflect.DelegatingMethodAccessorImpl.invoke(DelegatingMethodAccessorImpl.java:43)
	at java.lang.reflect.Method.invoke(Method.java:498)
	at org.apache.maven.surefire.util.ReflectionUtils.invokeMethodWithArray(ReflectionUtils.java:164)
	at org.apache.maven.surefire.booter.ProviderFactory$ProviderProxy.invoke(ProviderFactory.java:110)
	at org.apache.maven.surefire.booter.SurefireStarter.invokeProvider(SurefireStarter.java:172)
	at org.apache.maven.surefire.booter.SurefireStarter.runSuitesInProcessWhenForked(SurefireStarter.java:104)
	at org.apache.maven.surefire.booter.ForkedBooter.main(ForkedBooter.java:70)
</pre></div></td>
<td>92</td>
<td>com.timesofindia.tests.ToiTest@7a9273a8</td></tr>
</table><p>
</body>
</html>