<!DOCTYPE html PUBLIC "-//W3C//DTD XHTML 1.1//EN" "http://www.w3.org/TR/xhtml11/DTD/xhtml11.dtd">
<html xmlns="http://www.w3.org/1999/xhtml"><head><title>TestNG Report</title><style type="text/css">table {margin-bottom:10px;border-collapse:collapse;empty-cells:show}th,td {border:1px solid #009;padding:.25em .5em}th {vertical-align:bottom}td {vertical-align:top}table a {font-weight:bold}.stripe td {background-color: #E6EBF9}.num {text-align:right}.passedodd td {background-color: #3F3}.passedeven td {background-color: #0A0}.skippedodd td {background-color: #DDD}.skippedeven td {background-color: #CCC}.failedodd td,.attn {background-color: #F33}.failedeven td,.stripe .attn {background-color: #D00}.stacktrace {white-space:pre;font-family:monospace}.totop {font-size:85%;text-align:center;border-bottom:2px solid #000}</style></head><body><table><tr><th>Test</th><th># Passed</th><th># Skipped</th><th># Failed</th><th>Time (ms)</th><th>Included Groups</th><th>Excluded Groups</th></tr><tr><th colspan="7">QAS Demo</th></tr><tr><td><a href="#t0">DemoTest</a></td><td class="num">0</td><td class="num">0</td><td class="num attn">1</td><td class="num">248,347</td><td></td><td></td></tr></table><table><thead><tr><th>Class</th><th>Method</th><th>Start</th><th>Time (ms)</th></tr></thead><tbody><tr><th colspan="4">QAS Demo</th></tr></tbody><tbody id="t0"><tr><th colspan="4">DemoTest &#8212; failed (configuration methods)</th></tr><tr class="failedeven"><td rowspan="1">com.timesofindia.tests.ToiTest</td><td><a href="#m0">afterMethod</a></td><td rowspan="1">1498027135611</td><td rowspan="1">0</td></tr><tr><th colspan="4">DemoTest &#8212; failed</th></tr><tr class="failedeven"><td rowspan="1">com.timesofindia.tests.ToiTest</td><td><a href="#m1">toiPageVerification</a></td><td rowspan="1">1498026898174</td><td rowspan="1">237196</td></tr><tr><th colspan="4">DemoTest &#8212; skipped (configuration methods)</th></tr><tr class="skippedeven"><td rowspan="1">com.timesofindia.tests.ToiTest</td><td><a href="#m2">afterSuit</a></td><td rowspan="1">1498027139635</td><td rowspan="1">0</td></tr></tbody></table><h2>DemoTest</h2><h3 id="m0">com.timesofindia.tests.ToiTest#afterMethod</h3><table class="result"><tr><th>Messages</th></tr><tr><td><div class="messages">&lt;div style=&quot;display:block;margin-left:10px;&quot;&gt;&lt;div  class=&quot;fail&quot;&gt;&lt;span class=&quot;fail-label&quot;&gt;F &lt;/span&gt;chrome not reachable
  (Session info: chrome=58.0.3029.110)
  (Driver info: chromedriver=2.29.461591 (62ebf098771772160f391d75e589dc567915b233),platform=Windows NT 6.3.9600 x86_64) (WARNING: The server did not provide any stacktrace information)
Command duration or timeout: 2.02 seconds
Build info: version: &apos;2.53.0&apos;, revision: &apos;35ae25b1534ae328c771e0856c93e187490ca824&apos;, time: &apos;2016-03-15 10:43:46&apos;
System info: host: &apos;icpl12186&apos;, ip: &apos;192.168.56.1&apos;, os.name: &apos;Windows 8.1&apos;, os.arch: &apos;amd64&apos;, os.version: &apos;6.3&apos;, java.version: &apos;1.8.0_111&apos;
Driver info: com.qmetry.qaf.automation.ui.webdriver.QAFExtendedWebDriver
Capabilities [{applicationCacheEnabled=false, rotatable=false, mobileEmulationEnabled=false, networkConnectionEnabled=false, chrome={chromedriverVersion=2.29.461591 (62ebf098771772160f391d75e589dc567915b233), userDataDir=C:\Users\TAPAS~1.PAD\AppData\Local\Temp\scoped_dir7940_26491}, takesHeapSnapshot=true, pageLoadStrategy=normal, databaseEnabled=false, handlesAlerts=true, hasTouchScreen=false, version=58.0.3029.110, platform=WIN8_1, browserConnectionEnabled=false, nativeEvents=true, acceptSslCerts=true, locationContextEnabled=true, webStorageEnabled=true, browserName=chrome, takesScreenshot=true, javascriptEnabled=true, cssSelectorsEnabled=true, unexpectedAlertBehaviour=}]
Session ID: 285a2f4249031e755d1b4e81f32eb092&lt;/div&gt;&lt;/div&gt;</div></td></tr><tr><th>Exception</th></tr><tr><td><div class="stacktrace">org.openqa.selenium.WebDriverException: chrome not reachable
  (Session info: chrome=58.0.3029.110)
  (Driver info: chromedriver=2.29.461591 (62ebf098771772160f391d75e589dc567915b233),platform=Windows NT 6.3.9600 x86_64) (WARNING: The server did not provide any stacktrace information)
Command duration or timeout: 2.02 seconds
Build info: version: &apos;2.53.0&apos;, revision: &apos;35ae25b1534ae328c771e0856c93e187490ca824&apos;, time: &apos;2016-03-15 10:43:46&apos;
System info: host: &apos;icpl12186&apos;, ip: &apos;192.168.56.1&apos;, os.name: &apos;Windows 8.1&apos;, os.arch: &apos;amd64&apos;, os.version: &apos;6.3&apos;, java.version: &apos;1.8.0_111&apos;
Driver info: com.qmetry.qaf.automation.ui.webdriver.QAFExtendedWebDriver
Capabilities [{applicationCacheEnabled=false, rotatable=false, mobileEmulationEnabled=false, networkConnectionEnabled=false, chrome={chromedriverVersion=2.29.461591 (62ebf098771772160f391d75e589dc567915b233), userDataDir=C:\Users\TAPAS~1.PAD\AppData\Local\Temp\scoped_dir7940_26491}, takesHeapSnapshot=true, pageLoadStrategy=normal, databaseEnabled=false, handlesAlerts=true, hasTouchScreen=false, version=58.0.3029.110, platform=WIN8_1, browserConnectionEnabled=false, nativeEvents=true, acceptSslCerts=true, locationContextEnabled=true, webStorageEnabled=true, browserName=chrome, takesScreenshot=true, javascriptEnabled=true, cssSelectorsEnabled=true, unexpectedAlertBehaviour=}]
Session ID: 285a2f4249031e755d1b4e81f32eb092
	at org.openqa.selenium.remote.ErrorHandler.createThrowable(ErrorHandler.java:206)
	at org.openqa.selenium.remote.ErrorHandler.throwIfResponseFailed(ErrorHandler.java:158)
	at org.openqa.selenium.remote.RemoteWebDriver.execute(RemoteWebDriver.java:678)
	at com.qmetry.qaf.automation.ui.webdriver.QAFExtendedWebDriver.execute(QAFExtendedWebDriver.java:234)
	at org.openqa.selenium.remote.RemoteWebDriver.execute(RemoteWebDriver.java:701)
	at com.qmetry.qaf.automation.ui.webdriver.QAFExtendedWebDriver.execute(QAFExtendedWebDriver.java:222)
	at org.openqa.selenium.remote.RemoteWebDriver.close(RemoteWebDriver.java:521)
	at com.timesofindia.tests.ToiTest.afterMethod(ToiTest.java:32)
... Removed 39 stack frames</div></td></tr></table><p class="totop"><a href="#summary">back to summary</a></p><h3 id="m1">com.timesofindia.tests.ToiTest#toiPageVerification</h3><table class="result"><tr><th>Messages</th></tr><tr><td><div class="messages">&lt;div style=&quot;display:block;margin-left:10px;&quot;&gt;&lt;div  class=&quot;teststeppass&quot;&gt;&lt;span class=&quot;teststeppass-label&quot;&gt;T &lt;/span&gt;Decline notifications&lt;/div&gt;&lt;div style=&quot;display:block;margin-left:10px;&quot;&gt;&lt;div  class=&quot;pass&quot;&gt;&lt;span class=&quot;pass-label&quot;&gt;P &lt;/span&gt;Expected Notification Pop-Up present : Actual Notification Pop-Up present &lt;a href=&quot;../img/toiPageVerification_10lyht7thf93424716.png&quot; target=&quot;_blank&quot;&gt;[View Screenshot]&lt;/a&gt; &lt;/div&gt;&lt;div  class=&quot;pass&quot;&gt;&lt;span class=&quot;pass-label&quot;&gt;P &lt;/span&gt;Expected Not now button on Pop-Up present : Actual Not now button on Pop-Up present &lt;a href=&quot;../img/toiPageVerification_1syliux2hmd5n24717.png&quot; target=&quot;_blank&quot;&gt;[View Screenshot]&lt;/a&gt; &lt;/div&gt;&lt;div  class=&quot;info&quot;&gt;&lt;span class=&quot;info-label&quot;&gt;I &lt;/span&gt;Declining popup - Not to receive notofications&lt;/div&gt;&lt;/div&gt;&lt;div  class=&quot;teststeppass&quot;&gt;&lt;span class=&quot;teststeppass-label&quot;&gt;T &lt;/span&gt;Get List of top-stories and print&lt;/div&gt;&lt;div style=&quot;display:block;margin-left:10px;&quot;&gt;&lt;div  class=&quot;info&quot;&gt;&lt;span class=&quot;info-label&quot;&gt;I &lt;/span&gt;Uber founder Travis Kalanick resigns as CEO&lt;/div&gt;&lt;div  class=&quot;info&quot;&gt;&lt;span class=&quot;info-label&quot;&gt;I &lt;/span&gt;Firms face ban for not passing on GST gains&lt;/div&gt;&lt;div  class=&quot;info&quot;&gt;&lt;span class=&quot;info-label&quot;&gt;I &lt;/span&gt;What hastened Anil Kumble’s departure?&lt;/div&gt;&lt;div  class=&quot;info&quot;&gt;&lt;span class=&quot;info-label&quot;&gt;I &lt;/span&gt;International Yoga Day 2017: Complete coverage&lt;/div&gt;&lt;div  class=&quot;info&quot;&gt;&lt;span class=&quot;info-label&quot;&gt;I &lt;/span&gt;SC refuses to grant interim bail to CS Karnan&lt;/div&gt;&lt;div  class=&quot;info&quot;&gt;&lt;span class=&quot;info-label&quot;&gt;I &lt;/span&gt;Virat had reservations with my &apos;style&apos;: Kumble&lt;/div&gt;&lt;div  class=&quot;info&quot;&gt;&lt;span class=&quot;info-label&quot;&gt;I &lt;/span&gt;Saudi king upends tradition, names son as heir&lt;/div&gt;&lt;/div&gt;&lt;div  class=&quot;teststepfail&quot;&gt;&lt;span class=&quot;teststepfail-label&quot;&gt;T &lt;/span&gt;Verify each news title&lt;/div&gt;&lt;div style=&quot;display:block;margin-left:10px;&quot;&gt;&lt;div  class=&quot;info&quot;&gt;&lt;span class=&quot;info-label&quot;&gt;I &lt;/span&gt;News title is : Travis Kalanick: Uber founder Travis Kalanick resigns as CEO - Times of India&lt;/div&gt;&lt;div  class=&quot;pass&quot;&gt;&lt;span class=&quot;pass-label&quot;&gt;P &lt;/span&gt;Expected Top news text present : Actual Top news text present &lt;a href=&quot;../img/toiPageVerification_1ad3pgu7qj6po24718.png&quot; target=&quot;_blank&quot;&gt;[View Screenshot]&lt;/a&gt; &lt;/div&gt;&lt;div  class=&quot;fail&quot;&gt;&lt;span class=&quot;fail-label&quot;&gt;F &lt;/span&gt;org.openqa.selenium.NoSuchWindowException: no such window: target window already closed
from unknown error: web view not found
  (Session info: chrome=58.0.3029.110)
  (Driver info: chromedriver=2.29.461591 (62ebf098771772160f391d75e589dc567915b233),platform=Windows NT 6.3.9600 x86_64) (WARNING: The server did not provide any stacktrace information)
Command duration or timeout: 16 milliseconds
Build info: version: &apos;2.53.0&apos;, revision: &apos;35ae25b1534ae328c771e0856c93e187490ca824&apos;, time: &apos;2016-03-15 10:43:46&apos;
System info: host: &apos;icpl12186&apos;, ip: &apos;192.168.56.1&apos;, os.name: &apos;Windows 8.1&apos;, os.arch: &apos;amd64&apos;, os.version: &apos;6.3&apos;, java.version: &apos;1.8.0_111&apos;
Driver info: com.qmetry.qaf.automation.ui.webdriver.QAFExtendedWebDriver
Capabilities [{applicationCacheEnabled=false, rotatable=false, mobileEmulationEnabled=false, networkConnectionEnabled=false, chrome={chromedriverVersion=2.29.461591 (62ebf098771772160f391d75e589dc567915b233), userDataDir=C:\Users\TAPAS~1.PAD\AppData\Local\Temp\scoped_dir7940_26491}, takesHeapSnapshot=true, pageLoadStrategy=normal, databaseEnabled=false, handlesAlerts=true, hasTouchScreen=false, version=58.0.3029.110, platform=WIN8_1, browserConnectionEnabled=false, nativeEvents=true, acceptSslCerts=true, locationContextEnabled=true, webStorageEnabled=true, browserName=chrome, takesScreenshot=true, javascriptEnabled=true, cssSelectorsEnabled=true, unexpectedAlertBehaviour=}]
Session ID: 285a2f4249031e755d1b4e81f32eb092&lt;/div&gt;&lt;/div&gt;&lt;/div&gt;</div></td></tr><tr><th>Exception</th></tr><tr><td><div class="stacktrace">org.openqa.selenium.NoSuchWindowException: no such window: target window already closed
from unknown error: web view not found
  (Session info: chrome=58.0.3029.110)
  (Driver info: chromedriver=2.29.461591 (62ebf098771772160f391d75e589dc567915b233),platform=Windows NT 6.3.9600 x86_64) (WARNING: The server did not provide any stacktrace information)
Command duration or timeout: 16 milliseconds
Build info: version: &apos;2.53.0&apos;, revision: &apos;35ae25b1534ae328c771e0856c93e187490ca824&apos;, time: &apos;2016-03-15 10:43:46&apos;
System info: host: &apos;icpl12186&apos;, ip: &apos;192.168.56.1&apos;, os.name: &apos;Windows 8.1&apos;, os.arch: &apos;amd64&apos;, os.version: &apos;6.3&apos;, java.version: &apos;1.8.0_111&apos;
Driver info: com.qmetry.qaf.automation.ui.webdriver.QAFExtendedWebDriver
Capabilities [{applicationCacheEnabled=false, rotatable=false, mobileEmulationEnabled=false, networkConnectionEnabled=false, chrome={chromedriverVersion=2.29.461591 (62ebf098771772160f391d75e589dc567915b233), userDataDir=C:\Users\TAPAS~1.PAD\AppData\Local\Temp\scoped_dir7940_26491}, takesHeapSnapshot=true, pageLoadStrategy=normal, databaseEnabled=false, handlesAlerts=true, hasTouchScreen=false, version=58.0.3029.110, platform=WIN8_1, browserConnectionEnabled=false, nativeEvents=true, acceptSslCerts=true, locationContextEnabled=true, webStorageEnabled=true, browserName=chrome, takesScreenshot=true, javascriptEnabled=true, cssSelectorsEnabled=true, unexpectedAlertBehaviour=}]
Session ID: 285a2f4249031e755d1b4e81f32eb092
	at org.openqa.selenium.remote.ErrorHandler.createThrowable(ErrorHandler.java:206)
	at org.openqa.selenium.remote.ErrorHandler.throwIfResponseFailed(ErrorHandler.java:158)
	at org.openqa.selenium.remote.RemoteWebDriver.execute(RemoteWebDriver.java:678)
	at com.qmetry.qaf.automation.ui.webdriver.QAFExtendedWebDriver.execute(QAFExtendedWebDriver.java:234)
	at org.openqa.selenium.remote.RemoteWebDriver.execute(RemoteWebDriver.java:701)
	at com.qmetry.qaf.automation.ui.webdriver.QAFExtendedWebDriver.execute(QAFExtendedWebDriver.java:222)
	at org.openqa.selenium.remote.RemoteWebDriver.getTitle(RemoteWebDriver.java:320)
	at com.timesofindia.pages.DetailedNewsPage.verifyNewsTitle(DetailedNewsPage.java:27)
	at com.timesofindia.defs.DetailsNewsDefs.verifyNewsTitle_aroundBody0(DetailsNewsDefs.java:22)
	at com.timesofindia.defs.DetailsNewsDefs$AjcClosure1.run(DetailsNewsDefs.java:1)
	at com.qmetry.qaf.automation.step.JavaStepReporter$MockJavaStep.doExecute(JavaStepReporter.java:138)
	at com.qmetry.qaf.automation.step.BaseTestStep.execute(BaseTestStep.java:149)
	at com.qmetry.qaf.automation.step.JavaStepReporter.javaTestStep(JavaStepReporter.java:88)
	at com.timesofindia.defs.DetailsNewsDefs.verifyNewsTitle(DetailsNewsDefs.java:16)
	at com.timesofindia.tests.ToiTest.toiPageVerification(ToiTest.java:40)
... Removed 38 stack frames</div></td></tr></table><p class="totop"><a href="#summary">back to summary</a></p><h3 id="m2">com.timesofindia.tests.ToiTest#afterSuit</h3><table class="result"></table><p class="totop"><a href="#summary">back to summary</a></p></body></html>