{
  "seleniumLog": [
    {
      "commandName": "declineNotifications",
      "args": [
        "[]"
      ],
      "result": "success",
      "subLogs": [
        {
          "commandName": "findElements",
          "args": [
            "{value=//div[@class='ntfc_content'], using=xpath}"
          ],
          "result": "[]",
          "subLogs": [],
          "duration": 44
        },
        {
          "commandName": "findElements",
          "args": [
            "{value=//div[@class='ntfc_content'], using=xpath}"
          ],
          "result": "[]",
          "subLogs": [],
          "duration": 52
        },
        {
          "commandName": "findElements",
          "args": [
            "{value=//div[@class='ntfc_content'], using=xpath}"
          ],
          "result": "[]",
          "subLogs": [],
          "duration": 51
        },
        {
          "commandName": "findElements",
          "args": [
            "{value=//div[@class='ntfc_content'], using=xpath}"
          ],
          "result": "[]",
          "subLogs": [],
          "duration": 35
        },
        {
          "commandName": "findElements",
          "args": [
            "{value=//div[@class='ntfc_content'], using=xpath}"
          ],
          "result": "[]",
          "subLogs": [],
          "duration": 38
        },
        {
          "commandName": "findElements",
          "args": [
            "{value=//div[@class='ntfc_content'], using=xpath}"
          ],
          "result": "[]",
          "subLogs": [],
          "duration": 42
        },
        {
          "commandName": "findElements",
          "args": [
            "{value=//div[@class='ntfc_content'], using=xpath}"
          ],
          "result": "[]",
          "subLogs": [],
          "duration": 717
        },
        {
          "commandName": "findElements",
          "args": [
            "{value=//div[@class='ntfc_content'], using=xpath}"
          ],
          "result": "[]",
          "subLogs": [],
          "duration": 39
        },
        {
          "commandName": "findElements",
          "args": [
            "{value=//div[@class='ntfc_content'], using=xpath}"
          ],
          "result": "[]",
          "subLogs": [],
          "duration": 35
        },
        {
          "commandName": "findElements",
          "args": [
            "{value=//div[@class='ntfc_content'], using=xpath}"
          ],
          "result": "[]",
          "subLogs": [],
          "duration": 37
        }
      ],
      "duration": -1
    },
    {
      "commandName": "getTopStoriesList",
      "args": [
        "[]"
      ],
      "result": "fail",
      "subLogs": [
        {
          "commandName": "findElements",
          "args": [
            "{value=//div[@data-secname(),'Top_Stories']/ul/li, using=xpath}"
          ],
          "result": "invalid selector: Unable to locate an element with the xpath expression //div[@data-secname(),'Top_Stories']/ul/li because of the following error:\nSyntaxError: Failed to execute 'evaluate' on 'Document': The string '//div[@data-secname(),'Top_Stories']/ul/li' is not a valid XPath expression.\n  (Session info: chrome=58.0.3029.110)\n  (Driver info: chromedriver=2.29.461591 (62ebf098771772160f391d75e589dc567915b233),platform=Windows NT 6.3.9600 x86_64) (WARNING: The server did not provide any stacktrace information)\nCommand duration or timeout: 75 milliseconds\nFor documentation on this error, please visit: http://seleniumhq.org/exceptions/invalid_selector_exception.html\nBuild info: version: '2.53.0', revision: '35ae25b1534ae328c771e0856c93e187490ca824', time: '2016-03-15 10:43:46'\nSystem info: host: 'icpl12186', ip: '10.11.28.37', os.name: 'Windows 8.1', os.arch: 'amd64', os.version: '6.3', java.version: '1.8.0_111'\nDriver info: com.qmetry.qaf.automation.ui.webdriver.QAFExtendedWebDriver\nCapabilities [{applicationCacheEnabled=false, rotatable=false, mobileEmulationEnabled=true, networkConnectionEnabled=false, chrome={chromedriverVersion=2.29.461591 (62ebf098771772160f391d75e589dc567915b233), userDataDir=C:\\Users\\TAPAS~1.PAD\\AppData\\Local\\Temp\\scoped_dir9700_8507}, takesHeapSnapshot=true, pageLoadStrategy=normal, databaseEnabled=false, handlesAlerts=true, hasTouchScreen=true, version=58.0.3029.110, platform=WIN8_1, browserConnectionEnabled=false, nativeEvents=true, acceptSslCerts=true, locationContextEnabled=true, webStorageEnabled=true, browserName=chrome, takesScreenshot=true, javascriptEnabled=true, cssSelectorsEnabled=true, unexpectedAlertBehaviour=}]\nSession ID: af8a0f6fcfa787aa3e08ebc888256a35\n*** Element info: {Using=xpath, value=//div[@data-secname(),'Top_Stories']/ul/li}",
          "subLogs": [],
          "duration": 80
        }
      ],
      "duration": -1
    }
  ],
  "checkPoints": [
    {
      "message": "Decline notifications",
      "type": "TestStepPass",
      "duration": 10132,
      "threshold": 0,
      "subCheckPoints": [
        {
          "message": "No notification present",
          "type": "Info",
          "screenshot": "",
          "duration": 0,
          "threshold": 0,
          "subCheckPoints": []
        }
      ]
    },
    {
      "message": "Get List of top-stories and print",
      "type": "TestStepFail",
      "screenshot": "../img/toiPageVerification_3lce87qt2ely38595.png",
      "duration": 120,
      "threshold": 0,
      "subCheckPoints": [
        {
          "message": "org.openqa.selenium.InvalidSelectorException: invalid selector: Unable to locate an element with the xpath expression //div[@data-secname(),'Top_Stories']/ul/li because of the following error:\nSyntaxError: Failed to execute 'evaluate' on 'Document': The string '//div[@data-secname(),'Top_Stories']/ul/li' is not a valid XPath expression.\n  (Session info: chrome=58.0.3029.110)\n  (Driver info: chromedriver=2.29.461591 (62ebf098771772160f391d75e589dc567915b233),platform=Windows NT 6.3.9600 x86_64) (WARNING: The server did not provide any stacktrace information)\nCommand duration or timeout: 75 milliseconds\nFor documentation on this error, please visit: http://seleniumhq.org/exceptions/invalid_selector_exception.html\nBuild info: version: '2.53.0', revision: '35ae25b1534ae328c771e0856c93e187490ca824', time: '2016-03-15 10:43:46'\nSystem info: host: 'icpl12186', ip: '10.11.28.37', os.name: 'Windows 8.1', os.arch: 'amd64', os.version: '6.3', java.version: '1.8.0_111'\nDriver info: com.qmetry.qaf.automation.ui.webdriver.QAFExtendedWebDriver\nCapabilities [{applicationCacheEnabled=false, rotatable=false, mobileEmulationEnabled=true, networkConnectionEnabled=false, chrome={chromedriverVersion=2.29.461591 (62ebf098771772160f391d75e589dc567915b233), userDataDir=C:\\Users\\TAPAS~1.PAD\\AppData\\Local\\Temp\\scoped_dir9700_8507}, takesHeapSnapshot=true, pageLoadStrategy=normal, databaseEnabled=false, handlesAlerts=true, hasTouchScreen=true, version=58.0.3029.110, platform=WIN8_1, browserConnectionEnabled=false, nativeEvents=true, acceptSslCerts=true, locationContextEnabled=true, webStorageEnabled=true, browserName=chrome, takesScreenshot=true, javascriptEnabled=true, cssSelectorsEnabled=true, unexpectedAlertBehaviour=}]\nSession ID: af8a0f6fcfa787aa3e08ebc888256a35\n*** Element info: {Using=xpath, value=//div[@data-secname(),'Top_Stories']/ul/li}",
          "type": "Fail",
          "duration": 0,
          "threshold": 0,
          "subCheckPoints": []
        }
      ]
    }
  ],
  "errorTrace": "org.openqa.selenium.InvalidSelectorException: invalid selector: Unable to locate an element with the xpath expression //div[@data-secname(),'Top_Stories']/ul/li because of the following error:\nSyntaxError: Failed to execute 'evaluate' on 'Document': The string '//div[@data-secname(),'Top_Stories']/ul/li' is not a valid XPath expression.\n  (Session info: chrome=58.0.3029.110)\n  (Driver info: chromedriver=2.29.461591 (62ebf098771772160f391d75e589dc567915b233),platform=Windows NT 6.3.9600 x86_64) (WARNING: The server did not provide any stacktrace information)\nCommand duration or timeout: 75 milliseconds\nFor documentation on this error, please visit: http://seleniumhq.org/exceptions/invalid_selector_exception.html\nBuild info: version: '2.53.0', revision: '35ae25b1534ae328c771e0856c93e187490ca824', time: '2016-03-15 10:43:46'\nSystem info: host: 'icpl12186', ip: '10.11.28.37', os.name: 'Windows 8.1', os.arch: 'amd64', os.version: '6.3', java.version: '1.8.0_111'\nDriver info: com.qmetry.qaf.automation.ui.webdriver.QAFExtendedWebDriver\nCapabilities [{applicationCacheEnabled=false, rotatable=false, mobileEmulationEnabled=true, networkConnectionEnabled=false, chrome={chromedriverVersion=2.29.461591 (62ebf098771772160f391d75e589dc567915b233), userDataDir=C:\\Users\\TAPAS~1.PAD\\AppData\\Local\\Temp\\scoped_dir9700_8507}, takesHeapSnapshot=true, pageLoadStrategy=normal, databaseEnabled=false, handlesAlerts=true, hasTouchScreen=true, version=58.0.3029.110, platform=WIN8_1, browserConnectionEnabled=false, nativeEvents=true, acceptSslCerts=true, locationContextEnabled=true, webStorageEnabled=true, browserName=chrome, takesScreenshot=true, javascriptEnabled=true, cssSelectorsEnabled=true, unexpectedAlertBehaviour=}]\nSession ID: af8a0f6fcfa787aa3e08ebc888256a35\n*** Element info: {Using=xpath, value=//div[@data-secname(),'Top_Stories']/ul/li}\r\n\tat sun.reflect.NativeConstructorAccessorImpl.newInstance0(Native Method)\r\n\tat sun.reflect.NativeConstructorAccessorImpl.newInstance(NativeConstructorAccessorImpl.java:62)\r\n\tat sun.reflect.DelegatingConstructorAccessorImpl.newInstance(DelegatingConstructorAccessorImpl.java:45)\r\n\tat java.lang.reflect.Constructor.newInstance(Constructor.java:423)\r\n\tat org.openqa.selenium.remote.ErrorHandler.createThrowable(ErrorHandler.java:206)\r\n\tat org.openqa.selenium.remote.ErrorHandler.throwIfResponseFailed(ErrorHandler.java:158)\r\n\tat org.openqa.selenium.remote.RemoteWebDriver.execute(RemoteWebDriver.java:678)\r\n\tat com.qmetry.qaf.automation.ui.webdriver.QAFExtendedWebDriver.execute(QAFExtendedWebDriver.java:234)\r\n\tat org.openqa.selenium.remote.RemoteWebDriver.findElements(RemoteWebDriver.java:388)\r\n\tat org.openqa.selenium.remote.RemoteWebDriver.findElementsByXPath(RemoteWebDriver.java:504)\r\n\tat org.openqa.selenium.By$ByXPath.findElements(By.java:356)\r\n\tat org.openqa.selenium.remote.RemoteWebDriver.findElements(RemoteWebDriver.java:351)\r\n\tat com.qmetry.qaf.automation.ui.webdriver.ComponentListHandler.invoke(ComponentListHandler.java:97)\r\n\tat com.sun.proxy.$Proxy13.size(Unknown Source)\r\n\tat com.timesofindia.pages.HomePage.getListOfTopStories(HomePage.java:72)\r\n\tat com.timesofindia.defs.HomePageDefs.getTopStoriesList_aroundBody2(HomePageDefs.java:21)\r\n\tat com.timesofindia.defs.HomePageDefs$AjcClosure3.run(HomePageDefs.java:1)\r\n\tat org.aspectj.runtime.reflect.JoinPointImpl.proceed(JoinPointImpl.java:149)\r\n\tat com.qmetry.qaf.automation.step.JavaStepReporter$MockJavaStep.doExecute(JavaStepReporter.java:138)\r\n\tat com.qmetry.qaf.automation.step.BaseTestStep.execute(BaseTestStep.java:149)\r\n\tat com.qmetry.qaf.automation.step.JavaStepReporter.javaTestStep(JavaStepReporter.java:88)\r\n\tat com.timesofindia.defs.HomePageDefs.getTopStoriesList(HomePageDefs.java:19)\r\n\tat com.timesofindia.tests.ToiTest.toiPageVerification(ToiTest.java:29)\r\n\tat sun.reflect.NativeMethodAccessorImpl.invoke0(Native Method)\r\n\tat sun.reflect.NativeMethodAccessorImpl.invoke(NativeMethodAccessorImpl.java:62)\r\n\tat sun.reflect.DelegatingMethodAccessorImpl.invoke(DelegatingMethodAccessorImpl.java:43)\r\n\tat java.lang.reflect.Method.invoke(Method.java:498)\r\n\tat org.testng.internal.MethodInvocationHelper.invokeMethod(MethodInvocationHelper.java:86)\r\n\tat org.testng.internal.Invoker.invokeMethod(Invoker.java:643)\r\n\tat org.testng.internal.Invoker.invokeTestMethod(Invoker.java:820)\r\n\tat org.testng.internal.Invoker.invokeTestMethods(Invoker.java:1128)\r\n\tat org.testng.internal.TestMethodWorker.invokeTestMethods(TestMethodWorker.java:129)\r\n\tat org.testng.internal.TestMethodWorker.run(TestMethodWorker.java:112)\r\n\tat org.testng.TestRunner.privateRun(TestRunner.java:805)\r\n\tat org.testng.TestRunner.run(TestRunner.java:655)\r\n\tat org.testng.SuiteRunner.runTest(SuiteRunner.java:366)\r\n\tat org.testng.SuiteRunner.runSequentially(SuiteRunner.java:361)\r\n\tat org.testng.SuiteRunner.privateRun(SuiteRunner.java:319)\r\n\tat org.testng.SuiteRunner.run(SuiteRunner.java:268)\r\n\tat org.testng.SuiteRunnerWorker.runSuite(SuiteRunnerWorker.java:52)\r\n\tat org.testng.SuiteRunnerWorker.run(SuiteRunnerWorker.java:86)\r\n\tat org.testng.TestNG.runSuitesSequentially(TestNG.java:1244)\r\n\tat org.testng.TestNG.runSuitesLocally(TestNG.java:1169)\r\n\tat org.testng.TestNG.run(TestNG.java:1064)\r\n\tat org.apache.maven.surefire.testng.TestNGExecutor.run(TestNGExecutor.java:122)\r\n\tat org.apache.maven.surefire.testng.TestNGXmlTestSuite.execute(TestNGXmlTestSuite.java:92)\r\n\tat org.apache.maven.surefire.testng.TestNGProvider.invoke(TestNGProvider.java:101)\r\n\tat sun.reflect.NativeMethodAccessorImpl.invoke0(Native Method)\r\n\tat sun.reflect.NativeMethodAccessorImpl.invoke(NativeMethodAccessorImpl.java:62)\r\n\tat sun.reflect.DelegatingMethodAccessorImpl.invoke(DelegatingMethodAccessorImpl.java:43)\r\n\tat java.lang.reflect.Method.invoke(Method.java:498)\r\n\tat org.apache.maven.surefire.util.ReflectionUtils.invokeMethodWithArray(ReflectionUtils.java:164)\r\n\tat org.apache.maven.surefire.booter.ProviderFactory$ProviderProxy.invoke(ProviderFactory.java:110)\r\n\tat org.apache.maven.surefire.booter.SurefireStarter.invokeProvider(SurefireStarter.java:172)\r\n\tat org.apache.maven.surefire.booter.SurefireStarter.runSuitesInProcessWhenForked(SurefireStarter.java:104)\r\n\tat org.apache.maven.surefire.booter.ForkedBooter.main(ForkedBooter.java:70)\r\n"
}