{
  "seleniumLog": [
    {
      "commandName": "declineNotifications",
      "args": [
        "[]"
      ],
      "result": "success",
      "subLogs": [
        {
          "commandName": "findElements",
          "args": [
            "{value=//div[@class='ntfc_content'], using=xpath}"
          ],
          "result": "[id: 0.7443287908206591-1]",
          "subLogs": [],
          "duration": 156
        },
        {
          "commandName": "findElements",
          "args": [
            "{value=//div[@class='ntfc_content'], using=xpath}"
          ],
          "result": "[id: 0.7443287908206591-1]",
          "subLogs": [],
          "duration": 248
        },
        {
          "commandName": "findElements",
          "args": [
            "{value=//a[text()='Enable'], using=xpath}"
          ],
          "result": "[id: 0.7443287908206591-2]",
          "subLogs": [],
          "duration": 27
        },
        {
          "commandName": "findElements",
          "args": [
            "{value=//a[text()='Not Now'], using=xpath}"
          ],
          "result": "[id: 0.7443287908206591-3]",
          "subLogs": [],
          "duration": 23
        },
        {
          "commandName": "findElement",
          "args": [
            "{value=//a[text()='Not Now'], using=xpath}"
          ],
          "result": "id: 0.7443287908206591-3",
          "subLogs": [],
          "duration": 21
        },
        {
          "commandName": "clickElement",
          "args": [
            "By.xpath: //a[text()='Not Now']",
            "{\"id\":\"0.7443287908206591-3\"}"
          ],
          "result": "clickElement:null",
          "subLogs": [],
          "duration": 100
        }
      ],
      "duration": -1
    },
    {
      "commandName": "getTopStoriesList",
      "args": [
        "[]"
      ],
      "result": "success",
      "subLogs": [
        {
          "commandName": "findElements",
          "args": [
            "{value=//div[@class='top-story']/ul/li, using=xpath}"
          ],
          "result": "[id: 0.7443287908206591-4, id: 0.7443287908206591-5, id: 0.7443287908206591-6, id: 0.7443287908206591-7, id: 0.7443287908206591-8, id: 0.7443287908206591-9, id: 0.7443287908206591-10]",
          "subLogs": [],
          "duration": 26
        },
        {
          "commandName": "findElements",
          "args": [
            "{value=//div[@class='top-story']/ul/li, using=xpath}"
          ],
          "result": "[id: 0.7443287908206591-4, id: 0.7443287908206591-5, id: 0.7443287908206591-6, id: 0.7443287908206591-7, id: 0.7443287908206591-8, id: 0.7443287908206591-9, id: 0.7443287908206591-10]",
          "subLogs": [],
          "duration": 13
        },
        {
          "commandName": "getElementText",
          "args": [
            "By.xpath: //div[@class='top-story']/ul/li",
            "{\"id\":\"0.7443287908206591-4\"}"
          ],
          "result": "getElementText:Infosys founders looking to sell stake in company",
          "subLogs": [],
          "duration": 23
        },
        {
          "commandName": "getElementText",
          "args": [
            "By.xpath: //div[@class='top-story']/ul/li",
            "{\"id\":\"0.7443287908206591-5\"}"
          ],
          "result": "getElementText:Live: PM Modi meets Chinese President Xi Jinping",
          "subLogs": [],
          "duration": 24
        },
        {
          "commandName": "getElementText",
          "args": [
            "By.xpath: //div[@class='top-story']/ul/li",
            "{\"id\":\"0.7443287908206591-6\"}"
          ],
          "result": "getElementText:UK faces 'hung parliament', May to lose majority",
          "subLogs": [],
          "duration": 25
        },
        {
          "commandName": "getElementText",
          "args": [
            "By.xpath: //div[@class='top-story']/ul/li",
            "{\"id\":\"0.7443287908206591-7\"}"
          ],
          "result": "getElementText:UK vote live: Corbyn urges PM May to quit ",
          "subLogs": [],
          "duration": 22
        },
        {
          "commandName": "getElementText",
          "args": [
            "By.xpath: //div[@class='top-story']/ul/li",
            "{\"id\":\"0.7443287908206591-8\"}"
          ],
          "result": "getElementText:ISIS claims it killed two Chinese in Pakistan",
          "subLogs": [],
          "duration": 23
        },
        {
          "commandName": "getElementText",
          "args": [
            "By.xpath: //div[@class='top-story']/ul/li",
            "{\"id\":\"0.7443287908206591-9\"}"
          ],
          "result": "getElementText:Trump asked me to lay off Russia probe: Comey",
          "subLogs": [],
          "duration": 24
        },
        {
          "commandName": "getElementText",
          "args": [
            "By.xpath: //div[@class='top-story']/ul/li",
            "{\"id\":\"0.7443287908206591-10\"}"
          ],
          "result": "getElementText:Day-long curfew relaxation in Mandsaur",
          "subLogs": [],
          "duration": 27
        }
      ],
      "duration": -1
    },
    {
      "commandName": "verifyNewsTitle",
      "args": [
        "[]"
      ],
      "result": "fail",
      "subLogs": [
        {
          "commandName": "findElements",
          "args": [
            "{value=//div[@class='top-story']/ul/li, using=xpath}"
          ],
          "result": "[id: 0.7443287908206591-4, id: 0.7443287908206591-5, id: 0.7443287908206591-6, id: 0.7443287908206591-7, id: 0.7443287908206591-8, id: 0.7443287908206591-9, id: 0.7443287908206591-10]",
          "subLogs": [],
          "duration": 13
        },
        {
          "commandName": "findElements",
          "args": [
            "{value=//div[@class='top-story']/ul/li, using=xpath}"
          ],
          "result": "[id: 0.7443287908206591-4, id: 0.7443287908206591-5, id: 0.7443287908206591-6, id: 0.7443287908206591-7, id: 0.7443287908206591-8, id: 0.7443287908206591-9, id: 0.7443287908206591-10]",
          "subLogs": [],
          "duration": 14
        },
        {
          "commandName": "clickElement",
          "args": [
            "By.xpath: //div[@class='top-story']/ul/li",
            "{\"id\":\"0.7443287908206591-4\"}"
          ],
          "result": "clickElement:null",
          "subLogs": [],
          "duration": 115935
        },
        {
          "commandName": "findElements",
          "args": [
            "{value=//div[@class='main-content']/section/h1, using=xpath}"
          ],
          "result": "[id: 0.7658083751182609-1]",
          "subLogs": [],
          "duration": 49
        },
        {
          "commandName": "findElement",
          "args": [
            "{value=//div[@class='main-content']/section/h1, using=xpath}"
          ],
          "result": "id: 0.7658083751182609-1",
          "subLogs": [],
          "duration": 35
        },
        {
          "commandName": "getElementText",
          "args": [
            "By.xpath: //div[@class='main-content']/section/h1",
            "{\"id\":\"0.7658083751182609-1\"}"
          ],
          "result": "getElementText:Infosys founders looking to sell their stake in company",
          "subLogs": [],
          "duration": 30
        },
        {
          "commandName": "goBack",
          "args": [
            "{}"
          ],
          "result": "null",
          "subLogs": [],
          "duration": 1866
        },
        {
          "commandName": "findElements",
          "args": [
            "{value=//span[text()='Sign In'], using=xpath}"
          ],
          "result": "[id: 0.9075328004824523-1]",
          "subLogs": [],
          "duration": 51
        },
        {
          "commandName": "findElements",
          "args": [
            "{value=//div[@class='top-story']/ul/li, using=xpath}"
          ],
          "result": "[id: 0.9075328004824523-2, id: 0.9075328004824523-3, id: 0.9075328004824523-4, id: 0.9075328004824523-5, id: 0.9075328004824523-6, id: 0.9075328004824523-7, id: 0.9075328004824523-8]",
          "subLogs": [],
          "duration": 26
        },
        {
          "commandName": "findElements",
          "args": [
            "{value=//div[@class='top-story']/ul/li, using=xpath}"
          ],
          "result": "[id: 0.9075328004824523-2, id: 0.9075328004824523-3, id: 0.9075328004824523-4, id: 0.9075328004824523-5, id: 0.9075328004824523-6, id: 0.9075328004824523-7, id: 0.9075328004824523-8]",
          "subLogs": [],
          "duration": 13
        },
        {
          "commandName": "clickElement",
          "args": [
            "By.xpath: //div[@class='top-story']/ul/li",
            "{\"id\":\"0.9075328004824523-3\"}"
          ],
          "result": "clickElement:null",
          "subLogs": [],
          "duration": 22918
        },
        {
          "commandName": "findElements",
          "args": [
            "{value=//div[@class='main-content']/section/h1, using=xpath}"
          ],
          "result": "[id: 0.39163690393636097-1]",
          "subLogs": [],
          "duration": 86
        },
        {
          "commandName": "findElement",
          "args": [
            "{value=//div[@class='main-content']/section/h1, using=xpath}"
          ],
          "result": "id: 0.39163690393636097-1",
          "subLogs": [],
          "duration": 33
        },
        {
          "commandName": "getElementText",
          "args": [
            "By.xpath: //div[@class='main-content']/section/h1",
            "{\"id\":\"0.39163690393636097-1\"}"
          ],
          "result": "getElementText:Britain plunged into uncertainty as May tipped to lose majority",
          "subLogs": [],
          "duration": 31
        },
        {
          "commandName": "goBack",
          "args": [
            "{}"
          ],
          "result": "null",
          "subLogs": [],
          "duration": 1645
        },
        {
          "commandName": "findElements",
          "args": [
            "{value=//span[text()='Sign In'], using=xpath}"
          ],
          "result": "[id: 0.8839232174514022-1]",
          "subLogs": [],
          "duration": 79
        },
        {
          "commandName": "findElements",
          "args": [
            "{value=//div[@class='top-story']/ul/li, using=xpath}"
          ],
          "result": "[id: 0.8839232174514022-2, id: 0.8839232174514022-3, id: 0.8839232174514022-4, id: 0.8839232174514022-5, id: 0.8839232174514022-6, id: 0.8839232174514022-7, id: 0.8839232174514022-8]",
          "subLogs": [],
          "duration": 44
        },
        {
          "commandName": "findElements",
          "args": [
            "{value=//div[@class='top-story']/ul/li, using=xpath}"
          ],
          "result": "[id: 0.8839232174514022-2, id: 0.8839232174514022-3, id: 0.8839232174514022-4, id: 0.8839232174514022-5, id: 0.8839232174514022-6, id: 0.8839232174514022-7, id: 0.8839232174514022-8]",
          "subLogs": [],
          "duration": 61
        },
        {
          "commandName": "clickElement",
          "args": [
            "By.xpath: //div[@class='top-story']/ul/li",
            "{\"id\":\"0.8839232174514022-4\"}"
          ],
          "result": "clickElement:null",
          "subLogs": [],
          "duration": 58826
        },
        {
          "commandName": "findElements",
          "args": [
            "{value=//div[@class='main-content']/section/h1, using=xpath}"
          ],
          "result": "[]",
          "subLogs": [],
          "duration": 47
        },
        {
          "commandName": "findElements",
          "args": [
            "{value=//div[@class='main-content']/section/h1, using=xpath}"
          ],
          "result": "[]",
          "subLogs": [],
          "duration": 21
        },
        {
          "commandName": "findElements",
          "args": [
            "{value=//div[@class='main-content']/section/h1, using=xpath}"
          ],
          "result": "[]",
          "subLogs": [],
          "duration": 44
        },
        {
          "commandName": "findElements",
          "args": [
            "{value=//div[@class='main-content']/section/h1, using=xpath}"
          ],
          "result": "[]",
          "subLogs": [],
          "duration": 13
        },
        {
          "commandName": "findElements",
          "args": [
            "{value=//div[@class='main-content']/section/h1, using=xpath}"
          ],
          "result": "[]",
          "subLogs": [],
          "duration": 40
        },
        {
          "commandName": "findElements",
          "args": [
            "{value=//div[@class='main-content']/section/h1, using=xpath}"
          ],
          "result": "[]",
          "subLogs": [],
          "duration": 341
        },
        {
          "commandName": "findElements",
          "args": [
            "{value=//div[@class='main-content']/section/h1, using=xpath}"
          ],
          "result": "[]",
          "subLogs": [],
          "duration": 30
        },
        {
          "commandName": "findElements",
          "args": [
            "{value=//div[@class='main-content']/section/h1, using=xpath}"
          ],
          "result": "[]",
          "subLogs": [],
          "duration": 36
        },
        {
          "commandName": "findElements",
          "args": [
            "{value=//div[@class='main-content']/section/h1, using=xpath}"
          ],
          "result": "[]",
          "subLogs": [],
          "duration": 24
        },
        {
          "commandName": "findElements",
          "args": [
            "{value=//div[@class='main-content']/section/h1, using=xpath}"
          ],
          "result": "[]",
          "subLogs": [],
          "duration": 41
        },
        {
          "commandName": "findElements",
          "args": [
            "{value=//div[@class='main-content']/section/h1, using=xpath}"
          ],
          "result": "[]",
          "subLogs": [],
          "duration": 36
        },
        {
          "commandName": "findElement",
          "args": [
            "{value=//div[@class='main-content']/section/h1, using=xpath}"
          ],
          "result": "no such element: Unable to locate element: {\"method\":\"xpath\",\"selector\":\"//div[@class='main-content']/section/h1\"}\n  (Session info: chrome=58.0.3029.110)\n  (Driver info: chromedriver=2.29.461591 (62ebf098771772160f391d75e589dc567915b233),platform=Windows NT 6.3.9600 x86_64) (WARNING: The server did not provide any stacktrace information)\nCommand duration or timeout: 24 milliseconds\nFor documentation on this error, please visit: http://seleniumhq.org/exceptions/no_such_element.html\nBuild info: version: '2.53.0', revision: '35ae25b1534ae328c771e0856c93e187490ca824', time: '2016-03-15 10:43:46'\nSystem info: host: 'icpl12186', ip: '10.11.28.37', os.name: 'Windows 8.1', os.arch: 'amd64', os.version: '6.3', java.version: '1.8.0_111'\nDriver info: com.qmetry.qaf.automation.ui.webdriver.QAFExtendedWebDriver\nCapabilities [{applicationCacheEnabled=false, rotatable=false, mobileEmulationEnabled=false, networkConnectionEnabled=false, chrome={chromedriverVersion=2.29.461591 (62ebf098771772160f391d75e589dc567915b233), userDataDir=C:\\Users\\TAPAS~1.PAD\\AppData\\Local\\Temp\\scoped_dir9148_26353}, takesHeapSnapshot=true, pageLoadStrategy=normal, databaseEnabled=false, handlesAlerts=true, hasTouchScreen=false, version=58.0.3029.110, platform=WIN8_1, browserConnectionEnabled=false, nativeEvents=true, acceptSslCerts=true, locationContextEnabled=true, webStorageEnabled=true, browserName=chrome, takesScreenshot=true, javascriptEnabled=true, cssSelectorsEnabled=true, unexpectedAlertBehaviour=}]\nSession ID: 6a190a3ef38a454f5a05d1e1120631fa\n*** Element info: {Using=xpath, value=//div[@class='main-content']/section/h1}",
          "subLogs": [],
          "duration": 58
        },
        {
          "commandName": "findElement",
          "args": [
            "{value=//div[@class='main-content']/section/h1, using=xpath}"
          ],
          "result": "no such element: Unable to locate element: {\"method\":\"xpath\",\"selector\":\"//div[@class='main-content']/section/h1\"}\n  (Session info: chrome=58.0.3029.110)\n  (Driver info: chromedriver=2.29.461591 (62ebf098771772160f391d75e589dc567915b233),platform=Windows NT 6.3.9600 x86_64) (WARNING: The server did not provide any stacktrace information)\nCommand duration or timeout: 30 milliseconds\nFor documentation on this error, please visit: http://seleniumhq.org/exceptions/no_such_element.html\nBuild info: version: '2.53.0', revision: '35ae25b1534ae328c771e0856c93e187490ca824', time: '2016-03-15 10:43:46'\nSystem info: host: 'icpl12186', ip: '10.11.28.37', os.name: 'Windows 8.1', os.arch: 'amd64', os.version: '6.3', java.version: '1.8.0_111'\nDriver info: com.qmetry.qaf.automation.ui.webdriver.QAFExtendedWebDriver\nCapabilities [{applicationCacheEnabled=false, rotatable=false, mobileEmulationEnabled=false, networkConnectionEnabled=false, chrome={chromedriverVersion=2.29.461591 (62ebf098771772160f391d75e589dc567915b233), userDataDir=C:\\Users\\TAPAS~1.PAD\\AppData\\Local\\Temp\\scoped_dir9148_26353}, takesHeapSnapshot=true, pageLoadStrategy=normal, databaseEnabled=false, handlesAlerts=true, hasTouchScreen=false, version=58.0.3029.110, platform=WIN8_1, browserConnectionEnabled=false, nativeEvents=true, acceptSslCerts=true, locationContextEnabled=true, webStorageEnabled=true, browserName=chrome, takesScreenshot=true, javascriptEnabled=true, cssSelectorsEnabled=true, unexpectedAlertBehaviour=}]\nSession ID: 6a190a3ef38a454f5a05d1e1120631fa\n*** Element info: {Using=xpath, value=//div[@class='main-content']/section/h1}",
          "subLogs": [],
          "duration": 30
        },
        {
          "commandName": "findElement",
          "args": [
            "{value=//div[@class='main-content']/section/h1, using=xpath}"
          ],
          "result": "no such element: Unable to locate element: {\"method\":\"xpath\",\"selector\":\"//div[@class='main-content']/section/h1\"}\n  (Session info: chrome=58.0.3029.110)\n  (Driver info: chromedriver=2.29.461591 (62ebf098771772160f391d75e589dc567915b233),platform=Windows NT 6.3.9600 x86_64) (WARNING: The server did not provide any stacktrace information)\nCommand duration or timeout: 39 milliseconds\nFor documentation on this error, please visit: http://seleniumhq.org/exceptions/no_such_element.html\nBuild info: version: '2.53.0', revision: '35ae25b1534ae328c771e0856c93e187490ca824', time: '2016-03-15 10:43:46'\nSystem info: host: 'icpl12186', ip: '10.11.28.37', os.name: 'Windows 8.1', os.arch: 'amd64', os.version: '6.3', java.version: '1.8.0_111'\nDriver info: com.qmetry.qaf.automation.ui.webdriver.QAFExtendedWebDriver\nCapabilities [{applicationCacheEnabled=false, rotatable=false, mobileEmulationEnabled=false, networkConnectionEnabled=false, chrome={chromedriverVersion=2.29.461591 (62ebf098771772160f391d75e589dc567915b233), userDataDir=C:\\Users\\TAPAS~1.PAD\\AppData\\Local\\Temp\\scoped_dir9148_26353}, takesHeapSnapshot=true, pageLoadStrategy=normal, databaseEnabled=false, handlesAlerts=true, hasTouchScreen=false, version=58.0.3029.110, platform=WIN8_1, browserConnectionEnabled=false, nativeEvents=true, acceptSslCerts=true, locationContextEnabled=true, webStorageEnabled=true, browserName=chrome, takesScreenshot=true, javascriptEnabled=true, cssSelectorsEnabled=true, unexpectedAlertBehaviour=}]\nSession ID: 6a190a3ef38a454f5a05d1e1120631fa\n*** Element info: {Using=xpath, value=//div[@class='main-content']/section/h1}",
          "subLogs": [],
          "duration": 39
        },
        {
          "commandName": "findElement",
          "args": [
            "{value=//div[@class='main-content']/section/h1, using=xpath}"
          ],
          "result": "no such element: Unable to locate element: {\"method\":\"xpath\",\"selector\":\"//div[@class='main-content']/section/h1\"}\n  (Session info: chrome=58.0.3029.110)\n  (Driver info: chromedriver=2.29.461591 (62ebf098771772160f391d75e589dc567915b233),platform=Windows NT 6.3.9600 x86_64) (WARNING: The server did not provide any stacktrace information)\nCommand duration or timeout: 31 milliseconds\nFor documentation on this error, please visit: http://seleniumhq.org/exceptions/no_such_element.html\nBuild info: version: '2.53.0', revision: '35ae25b1534ae328c771e0856c93e187490ca824', time: '2016-03-15 10:43:46'\nSystem info: host: 'icpl12186', ip: '10.11.28.37', os.name: 'Windows 8.1', os.arch: 'amd64', os.version: '6.3', java.version: '1.8.0_111'\nDriver info: com.qmetry.qaf.automation.ui.webdriver.QAFExtendedWebDriver\nCapabilities [{applicationCacheEnabled=false, rotatable=false, mobileEmulationEnabled=false, networkConnectionEnabled=false, chrome={chromedriverVersion=2.29.461591 (62ebf098771772160f391d75e589dc567915b233), userDataDir=C:\\Users\\TAPAS~1.PAD\\AppData\\Local\\Temp\\scoped_dir9148_26353}, takesHeapSnapshot=true, pageLoadStrategy=normal, databaseEnabled=false, handlesAlerts=true, hasTouchScreen=false, version=58.0.3029.110, platform=WIN8_1, browserConnectionEnabled=false, nativeEvents=true, acceptSslCerts=true, locationContextEnabled=true, webStorageEnabled=true, browserName=chrome, takesScreenshot=true, javascriptEnabled=true, cssSelectorsEnabled=true, unexpectedAlertBehaviour=}]\nSession ID: 6a190a3ef38a454f5a05d1e1120631fa\n*** Element info: {Using=xpath, value=//div[@class='main-content']/section/h1}",
          "subLogs": [],
          "duration": 31
        },
        {
          "commandName": "findElement",
          "args": [
            "{value=//div[@class='main-content']/section/h1, using=xpath}"
          ],
          "result": "no such element: Unable to locate element: {\"method\":\"xpath\",\"selector\":\"//div[@class='main-content']/section/h1\"}\n  (Session info: chrome=58.0.3029.110)\n  (Driver info: chromedriver=2.29.461591 (62ebf098771772160f391d75e589dc567915b233),platform=Windows NT 6.3.9600 x86_64) (WARNING: The server did not provide any stacktrace information)\nCommand duration or timeout: 45 milliseconds\nFor documentation on this error, please visit: http://seleniumhq.org/exceptions/no_such_element.html\nBuild info: version: '2.53.0', revision: '35ae25b1534ae328c771e0856c93e187490ca824', time: '2016-03-15 10:43:46'\nSystem info: host: 'icpl12186', ip: '10.11.28.37', os.name: 'Windows 8.1', os.arch: 'amd64', os.version: '6.3', java.version: '1.8.0_111'\nDriver info: com.qmetry.qaf.automation.ui.webdriver.QAFExtendedWebDriver\nCapabilities [{applicationCacheEnabled=false, rotatable=false, mobileEmulationEnabled=false, networkConnectionEnabled=false, chrome={chromedriverVersion=2.29.461591 (62ebf098771772160f391d75e589dc567915b233), userDataDir=C:\\Users\\TAPAS~1.PAD\\AppData\\Local\\Temp\\scoped_dir9148_26353}, takesHeapSnapshot=true, pageLoadStrategy=normal, databaseEnabled=false, handlesAlerts=true, hasTouchScreen=false, version=58.0.3029.110, platform=WIN8_1, browserConnectionEnabled=false, nativeEvents=true, acceptSslCerts=true, locationContextEnabled=true, webStorageEnabled=true, browserName=chrome, takesScreenshot=true, javascriptEnabled=true, cssSelectorsEnabled=true, unexpectedAlertBehaviour=}]\nSession ID: 6a190a3ef38a454f5a05d1e1120631fa\n*** Element info: {Using=xpath, value=//div[@class='main-content']/section/h1}",
          "subLogs": [],
          "duration": 45
        },
        {
          "commandName": "findElement",
          "args": [
            "{value=//div[@class='main-content']/section/h1, using=xpath}"
          ],
          "result": "no such element: Unable to locate element: {\"method\":\"xpath\",\"selector\":\"//div[@class='main-content']/section/h1\"}\n  (Session info: chrome=58.0.3029.110)\n  (Driver info: chromedriver=2.29.461591 (62ebf098771772160f391d75e589dc567915b233),platform=Windows NT 6.3.9600 x86_64) (WARNING: The server did not provide any stacktrace information)\nCommand duration or timeout: 38 milliseconds\nFor documentation on this error, please visit: http://seleniumhq.org/exceptions/no_such_element.html\nBuild info: version: '2.53.0', revision: '35ae25b1534ae328c771e0856c93e187490ca824', time: '2016-03-15 10:43:46'\nSystem info: host: 'icpl12186', ip: '10.11.28.37', os.name: 'Windows 8.1', os.arch: 'amd64', os.version: '6.3', java.version: '1.8.0_111'\nDriver info: com.qmetry.qaf.automation.ui.webdriver.QAFExtendedWebDriver\nCapabilities [{applicationCacheEnabled=false, rotatable=false, mobileEmulationEnabled=false, networkConnectionEnabled=false, chrome={chromedriverVersion=2.29.461591 (62ebf098771772160f391d75e589dc567915b233), userDataDir=C:\\Users\\TAPAS~1.PAD\\AppData\\Local\\Temp\\scoped_dir9148_26353}, takesHeapSnapshot=true, pageLoadStrategy=normal, databaseEnabled=false, handlesAlerts=true, hasTouchScreen=false, version=58.0.3029.110, platform=WIN8_1, browserConnectionEnabled=false, nativeEvents=true, acceptSslCerts=true, locationContextEnabled=true, webStorageEnabled=true, browserName=chrome, takesScreenshot=true, javascriptEnabled=true, cssSelectorsEnabled=true, unexpectedAlertBehaviour=}]\nSession ID: 6a190a3ef38a454f5a05d1e1120631fa\n*** Element info: {Using=xpath, value=//div[@class='main-content']/section/h1}",
          "subLogs": [],
          "duration": 39
        },
        {
          "commandName": "findElement",
          "args": [
            "{value=//div[@class='main-content']/section/h1, using=xpath}"
          ],
          "result": "no such element: Unable to locate element: {\"method\":\"xpath\",\"selector\":\"//div[@class='main-content']/section/h1\"}\n  (Session info: chrome=58.0.3029.110)\n  (Driver info: chromedriver=2.29.461591 (62ebf098771772160f391d75e589dc567915b233),platform=Windows NT 6.3.9600 x86_64) (WARNING: The server did not provide any stacktrace information)\nCommand duration or timeout: 28 milliseconds\nFor documentation on this error, please visit: http://seleniumhq.org/exceptions/no_such_element.html\nBuild info: version: '2.53.0', revision: '35ae25b1534ae328c771e0856c93e187490ca824', time: '2016-03-15 10:43:46'\nSystem info: host: 'icpl12186', ip: '10.11.28.37', os.name: 'Windows 8.1', os.arch: 'amd64', os.version: '6.3', java.version: '1.8.0_111'\nDriver info: com.qmetry.qaf.automation.ui.webdriver.QAFExtendedWebDriver\nCapabilities [{applicationCacheEnabled=false, rotatable=false, mobileEmulationEnabled=false, networkConnectionEnabled=false, chrome={chromedriverVersion=2.29.461591 (62ebf098771772160f391d75e589dc567915b233), userDataDir=C:\\Users\\TAPAS~1.PAD\\AppData\\Local\\Temp\\scoped_dir9148_26353}, takesHeapSnapshot=true, pageLoadStrategy=normal, databaseEnabled=false, handlesAlerts=true, hasTouchScreen=false, version=58.0.3029.110, platform=WIN8_1, browserConnectionEnabled=false, nativeEvents=true, acceptSslCerts=true, locationContextEnabled=true, webStorageEnabled=true, browserName=chrome, takesScreenshot=true, javascriptEnabled=true, cssSelectorsEnabled=true, unexpectedAlertBehaviour=}]\nSession ID: 6a190a3ef38a454f5a05d1e1120631fa\n*** Element info: {Using=xpath, value=//div[@class='main-content']/section/h1}",
          "subLogs": [],
          "duration": 28
        },
        {
          "commandName": "findElement",
          "args": [
            "{value=//div[@class='main-content']/section/h1, using=xpath}"
          ],
          "result": "no such element: Unable to locate element: {\"method\":\"xpath\",\"selector\":\"//div[@class='main-content']/section/h1\"}\n  (Session info: chrome=58.0.3029.110)\n  (Driver info: chromedriver=2.29.461591 (62ebf098771772160f391d75e589dc567915b233),platform=Windows NT 6.3.9600 x86_64) (WARNING: The server did not provide any stacktrace information)\nCommand duration or timeout: 15 milliseconds\nFor documentation on this error, please visit: http://seleniumhq.org/exceptions/no_such_element.html\nBuild info: version: '2.53.0', revision: '35ae25b1534ae328c771e0856c93e187490ca824', time: '2016-03-15 10:43:46'\nSystem info: host: 'icpl12186', ip: '10.11.28.37', os.name: 'Windows 8.1', os.arch: 'amd64', os.version: '6.3', java.version: '1.8.0_111'\nDriver info: com.qmetry.qaf.automation.ui.webdriver.QAFExtendedWebDriver\nCapabilities [{applicationCacheEnabled=false, rotatable=false, mobileEmulationEnabled=false, networkConnectionEnabled=false, chrome={chromedriverVersion=2.29.461591 (62ebf098771772160f391d75e589dc567915b233), userDataDir=C:\\Users\\TAPAS~1.PAD\\AppData\\Local\\Temp\\scoped_dir9148_26353}, takesHeapSnapshot=true, pageLoadStrategy=normal, databaseEnabled=false, handlesAlerts=true, hasTouchScreen=false, version=58.0.3029.110, platform=WIN8_1, browserConnectionEnabled=false, nativeEvents=true, acceptSslCerts=true, locationContextEnabled=true, webStorageEnabled=true, browserName=chrome, takesScreenshot=true, javascriptEnabled=true, cssSelectorsEnabled=true, unexpectedAlertBehaviour=}]\nSession ID: 6a190a3ef38a454f5a05d1e1120631fa\n*** Element info: {Using=xpath, value=//div[@class='main-content']/section/h1}",
          "subLogs": [],
          "duration": 16
        },
        {
          "commandName": "findElement",
          "args": [
            "{value=//div[@class='main-content']/section/h1, using=xpath}"
          ],
          "result": "no such element: Unable to locate element: {\"method\":\"xpath\",\"selector\":\"//div[@class='main-content']/section/h1\"}\n  (Session info: chrome=58.0.3029.110)\n  (Driver info: chromedriver=2.29.461591 (62ebf098771772160f391d75e589dc567915b233),platform=Windows NT 6.3.9600 x86_64) (WARNING: The server did not provide any stacktrace information)\nCommand duration or timeout: 44 milliseconds\nFor documentation on this error, please visit: http://seleniumhq.org/exceptions/no_such_element.html\nBuild info: version: '2.53.0', revision: '35ae25b1534ae328c771e0856c93e187490ca824', time: '2016-03-15 10:43:46'\nSystem info: host: 'icpl12186', ip: '10.11.28.37', os.name: 'Windows 8.1', os.arch: 'amd64', os.version: '6.3', java.version: '1.8.0_111'\nDriver info: com.qmetry.qaf.automation.ui.webdriver.QAFExtendedWebDriver\nCapabilities [{applicationCacheEnabled=false, rotatable=false, mobileEmulationEnabled=false, networkConnectionEnabled=false, chrome={chromedriverVersion=2.29.461591 (62ebf098771772160f391d75e589dc567915b233), userDataDir=C:\\Users\\TAPAS~1.PAD\\AppData\\Local\\Temp\\scoped_dir9148_26353}, takesHeapSnapshot=true, pageLoadStrategy=normal, databaseEnabled=false, handlesAlerts=true, hasTouchScreen=false, version=58.0.3029.110, platform=WIN8_1, browserConnectionEnabled=false, nativeEvents=true, acceptSslCerts=true, locationContextEnabled=true, webStorageEnabled=true, browserName=chrome, takesScreenshot=true, javascriptEnabled=true, cssSelectorsEnabled=true, unexpectedAlertBehaviour=}]\nSession ID: 6a190a3ef38a454f5a05d1e1120631fa\n*** Element info: {Using=xpath, value=//div[@class='main-content']/section/h1}",
          "subLogs": [],
          "duration": 44
        },
        {
          "commandName": "findElement",
          "args": [
            "{value=//div[@class='main-content']/section/h1, using=xpath}"
          ],
          "result": "no such element: Unable to locate element: {\"method\":\"xpath\",\"selector\":\"//div[@class='main-content']/section/h1\"}\n  (Session info: chrome=58.0.3029.110)\n  (Driver info: chromedriver=2.29.461591 (62ebf098771772160f391d75e589dc567915b233),platform=Windows NT 6.3.9600 x86_64) (WARNING: The server did not provide any stacktrace information)\nCommand duration or timeout: 17 milliseconds\nFor documentation on this error, please visit: http://seleniumhq.org/exceptions/no_such_element.html\nBuild info: version: '2.53.0', revision: '35ae25b1534ae328c771e0856c93e187490ca824', time: '2016-03-15 10:43:46'\nSystem info: host: 'icpl12186', ip: '10.11.28.37', os.name: 'Windows 8.1', os.arch: 'amd64', os.version: '6.3', java.version: '1.8.0_111'\nDriver info: com.qmetry.qaf.automation.ui.webdriver.QAFExtendedWebDriver\nCapabilities [{applicationCacheEnabled=false, rotatable=false, mobileEmulationEnabled=false, networkConnectionEnabled=false, chrome={chromedriverVersion=2.29.461591 (62ebf098771772160f391d75e589dc567915b233), userDataDir=C:\\Users\\TAPAS~1.PAD\\AppData\\Local\\Temp\\scoped_dir9148_26353}, takesHeapSnapshot=true, pageLoadStrategy=normal, databaseEnabled=false, handlesAlerts=true, hasTouchScreen=false, version=58.0.3029.110, platform=WIN8_1, browserConnectionEnabled=false, nativeEvents=true, acceptSslCerts=true, locationContextEnabled=true, webStorageEnabled=true, browserName=chrome, takesScreenshot=true, javascriptEnabled=true, cssSelectorsEnabled=true, unexpectedAlertBehaviour=}]\nSession ID: 6a190a3ef38a454f5a05d1e1120631fa\n*** Element info: {Using=xpath, value=//div[@class='main-content']/section/h1}",
          "subLogs": [],
          "duration": 17
        },
        {
          "commandName": "findElement",
          "args": [
            "{value=//div[@class='main-content']/section/h1, using=xpath}"
          ],
          "result": "no such element: Unable to locate element: {\"method\":\"xpath\",\"selector\":\"//div[@class='main-content']/section/h1\"}\n  (Session info: chrome=58.0.3029.110)\n  (Driver info: chromedriver=2.29.461591 (62ebf098771772160f391d75e589dc567915b233),platform=Windows NT 6.3.9600 x86_64) (WARNING: The server did not provide any stacktrace information)\nCommand duration or timeout: 61 milliseconds\nFor documentation on this error, please visit: http://seleniumhq.org/exceptions/no_such_element.html\nBuild info: version: '2.53.0', revision: '35ae25b1534ae328c771e0856c93e187490ca824', time: '2016-03-15 10:43:46'\nSystem info: host: 'icpl12186', ip: '10.11.28.37', os.name: 'Windows 8.1', os.arch: 'amd64', os.version: '6.3', java.version: '1.8.0_111'\nDriver info: com.qmetry.qaf.automation.ui.webdriver.QAFExtendedWebDriver\nCapabilities [{applicationCacheEnabled=false, rotatable=false, mobileEmulationEnabled=false, networkConnectionEnabled=false, chrome={chromedriverVersion=2.29.461591 (62ebf098771772160f391d75e589dc567915b233), userDataDir=C:\\Users\\TAPAS~1.PAD\\AppData\\Local\\Temp\\scoped_dir9148_26353}, takesHeapSnapshot=true, pageLoadStrategy=normal, databaseEnabled=false, handlesAlerts=true, hasTouchScreen=false, version=58.0.3029.110, platform=WIN8_1, browserConnectionEnabled=false, nativeEvents=true, acceptSslCerts=true, locationContextEnabled=true, webStorageEnabled=true, browserName=chrome, takesScreenshot=true, javascriptEnabled=true, cssSelectorsEnabled=true, unexpectedAlertBehaviour=}]\nSession ID: 6a190a3ef38a454f5a05d1e1120631fa\n*** Element info: {Using=xpath, value=//div[@class='main-content']/section/h1}",
          "subLogs": [],
          "duration": 61
        },
        {
          "commandName": "getElementText",
          "args": [
            "By.xpath: //div[@class='main-content']/section/h1",
            "{\"id\":\"-1\"}"
          ],
          "result": "Timed out after 10 seconds waiting for presence of element located by: By.xpath: //div[@class='main-content']/section/h1\nBuild info: version: '2.53.0', revision: '35ae25b1534ae328c771e0856c93e187490ca824', time: '2016-03-15 10:43:46'\nSystem info: host: 'icpl12186', ip: '10.11.28.37', os.name: 'Windows 8.1', os.arch: 'amd64', os.version: '6.3', java.version: '1.8.0_111'\nDriver info: driver.version: QAFExtendedWebDriver",
          "subLogs": [],
          "duration": -1958709633
        }
      ],
      "duration": -1
    }
  ],
  "checkPoints": [
    {
      "message": "Decline notifications",
      "type": "TestStepPass",
      "duration": 2342,
      "threshold": 0,
      "subCheckPoints": [
        {
          "message": "Expected Notification Pop-Up present : Actual Notification Pop-Up present",
          "type": "Pass",
          "screenshot": "../img/toiPageVerification_1utavhwogbyi929411.png",
          "duration": 0,
          "threshold": 0,
          "subCheckPoints": []
        },
        {
          "message": "Expected Not now button on Pop-Up present : Actual Not now button on Pop-Up present",
          "type": "Pass",
          "screenshot": "../img/toiPageVerification_pxzjbssnwl1h29412.png",
          "duration": 0,
          "threshold": 0,
          "subCheckPoints": []
        },
        {
          "message": "Declining popup - Not to receive notofications",
          "type": "Info",
          "screenshot": "",
          "duration": 0,
          "threshold": 0,
          "subCheckPoints": []
        }
      ]
    },
    {
      "message": "Get List of top-stories and print",
      "type": "TestStepPass",
      "duration": 222,
      "threshold": 0,
      "subCheckPoints": [
        {
          "message": "Infosys founders looking to sell stake in company",
          "type": "Info",
          "screenshot": "",
          "duration": 0,
          "threshold": 0,
          "subCheckPoints": []
        },
        {
          "message": "Live: PM Modi meets Chinese President Xi Jinping",
          "type": "Info",
          "screenshot": "",
          "duration": 0,
          "threshold": 0,
          "subCheckPoints": []
        },
        {
          "message": "UK faces 'hung parliament', May to lose majority",
          "type": "Info",
          "screenshot": "",
          "duration": 0,
          "threshold": 0,
          "subCheckPoints": []
        },
        {
          "message": "UK vote live: Corbyn urges PM May to quit ",
          "type": "Info",
          "screenshot": "",
          "duration": 0,
          "threshold": 0,
          "subCheckPoints": []
        },
        {
          "message": "ISIS claims it killed two Chinese in Pakistan",
          "type": "Info",
          "screenshot": "",
          "duration": 0,
          "threshold": 0,
          "subCheckPoints": []
        },
        {
          "message": "Trump asked me to lay off Russia probe: Comey",
          "type": "Info",
          "screenshot": "",
          "duration": 0,
          "threshold": 0,
          "subCheckPoints": []
        },
        {
          "message": "Day-long curfew relaxation in Mandsaur",
          "type": "Info",
          "screenshot": "",
          "duration": 0,
          "threshold": 0,
          "subCheckPoints": []
        }
      ]
    },
    {
      "message": "verifyNewsTitle",
      "type": "TestStepFail",
      "screenshot": "../img/toiPageVerification_ph0x8wbsnue629418.png",
      "duration": 224238,
      "threshold": 0,
      "subCheckPoints": [
        {
          "message": "Expected News header title present : Actual News header title present",
          "type": "Pass",
          "screenshot": "../img/toiPageVerification_tzgdx47t1czq29413.png",
          "duration": 0,
          "threshold": 0,
          "subCheckPoints": []
        },
        {
          "message": "News header is : Infosys founders looking to sell their stake in company",
          "type": "Info",
          "screenshot": "",
          "duration": 0,
          "threshold": 0,
          "subCheckPoints": []
        },
        {
          "message": "Expected Top Story list present : Actual Top Story list present",
          "type": "Pass",
          "screenshot": "../img/toiPageVerification_ply7v3373m6j29414.png",
          "duration": 0,
          "threshold": 0,
          "subCheckPoints": []
        },
        {
          "message": "Expected News header title present : Actual News header title present",
          "type": "Pass",
          "screenshot": "../img/toiPageVerification_3adnducyp23029415.png",
          "duration": 0,
          "threshold": 0,
          "subCheckPoints": []
        },
        {
          "message": "News header is : Britain plunged into uncertainty as May tipped to lose majority",
          "type": "Info",
          "screenshot": "",
          "duration": 0,
          "threshold": 0,
          "subCheckPoints": []
        },
        {
          "message": "Expected Top Story list present : Actual Top Story list present",
          "type": "Pass",
          "screenshot": "../img/toiPageVerification_w60thn9r66sg29416.png",
          "duration": 0,
          "threshold": 0,
          "subCheckPoints": []
        },
        {
          "message": "Expected News header title present : Actual News header title not present",
          "type": "Fail",
          "screenshot": "../img/toiPageVerification_1iuyi3wibsmwu29417.png",
          "duration": 0,
          "threshold": 0,
          "subCheckPoints": []
        },
        {
          "message": "org.openqa.selenium.TimeoutException: Timed out after 10 seconds waiting for presence of element located by: By.xpath: //div[@class='main-content']/section/h1\nBuild info: version: '2.53.0', revision: '35ae25b1534ae328c771e0856c93e187490ca824', time: '2016-03-15 10:43:46'\nSystem info: host: 'icpl12186', ip: '10.11.28.37', os.name: 'Windows 8.1', os.arch: 'amd64', os.version: '6.3', java.version: '1.8.0_111'\nDriver info: driver.version: QAFExtendedWebDriver",
          "type": "Fail",
          "duration": 0,
          "threshold": 0,
          "subCheckPoints": []
        }
      ]
    }
  ],
  "errorTrace": "org.openqa.selenium.TimeoutException: Timed out after 10 seconds waiting for presence of element located by: By.xpath: //div[@class='main-content']/section/h1\nBuild info: version: '2.53.0', revision: '35ae25b1534ae328c771e0856c93e187490ca824', time: '2016-03-15 10:43:46'\nSystem info: host: 'icpl12186', ip: '10.11.28.37', os.name: 'Windows 8.1', os.arch: 'amd64', os.version: '6.3', java.version: '1.8.0_111'\nDriver info: driver.version: QAFExtendedWebDriver\r\n\tat org.openqa.selenium.support.ui.FluentWait.timeoutException(FluentWait.java:292)\r\n\tat org.openqa.selenium.support.ui.FluentWait.until(FluentWait.java:261)\r\n\tat com.qmetry.qaf.automation.ui.webdriver.QAFExtendedWebDriver.load(QAFExtendedWebDriver.java:214)\r\n\tat com.qmetry.qaf.automation.ui.webdriver.QAFExtendedWebElement.load(QAFExtendedWebElement.java:284)\r\n\tat com.qmetry.qaf.automation.ui.webdriver.QAFExtendedWebElement.execute(QAFExtendedWebElement.java:239)\r\n\tat org.openqa.selenium.remote.RemoteWebElement.getText(RemoteWebElement.java:179)\r\n\tat com.timesofindia.pages.DetailedNewsPage.verifyNewsTitle(DetailedNewsPage.java:27)\r\n\tat com.timesofindia.defs.DetailsNewsDefs.verifyNewsTitle_aroundBody0(DetailsNewsDefs.java:22)\r\n\tat com.timesofindia.defs.DetailsNewsDefs$AjcClosure1.run(DetailsNewsDefs.java:1)\r\n\tat org.aspectj.runtime.reflect.JoinPointImpl.proceed(JoinPointImpl.java:149)\r\n\tat com.qmetry.qaf.automation.step.JavaStepReporter$MockJavaStep.doExecute(JavaStepReporter.java:138)\r\n\tat com.qmetry.qaf.automation.step.BaseTestStep.execute(BaseTestStep.java:149)\r\n\tat com.qmetry.qaf.automation.step.JavaStepReporter.javaTestStep(JavaStepReporter.java:88)\r\n\tat com.timesofindia.defs.DetailsNewsDefs.verifyNewsTitle(DetailsNewsDefs.java:16)\r\n\tat com.timesofindia.tests.ToiTest.toiPageVerification(ToiTest.java:30)\r\n\tat sun.reflect.NativeMethodAccessorImpl.invoke0(Native Method)\r\n\tat sun.reflect.NativeMethodAccessorImpl.invoke(NativeMethodAccessorImpl.java:62)\r\n\tat sun.reflect.DelegatingMethodAccessorImpl.invoke(DelegatingMethodAccessorImpl.java:43)\r\n\tat java.lang.reflect.Method.invoke(Method.java:498)\r\n\tat org.testng.internal.MethodInvocationHelper.invokeMethod(MethodInvocationHelper.java:86)\r\n\tat org.testng.internal.Invoker.invokeMethod(Invoker.java:643)\r\n\tat org.testng.internal.Invoker.invokeTestMethod(Invoker.java:820)\r\n\tat org.testng.internal.Invoker.invokeTestMethods(Invoker.java:1128)\r\n\tat org.testng.internal.TestMethodWorker.invokeTestMethods(TestMethodWorker.java:129)\r\n\tat org.testng.internal.TestMethodWorker.run(TestMethodWorker.java:112)\r\n\tat org.testng.TestRunner.privateRun(TestRunner.java:805)\r\n\tat org.testng.TestRunner.run(TestRunner.java:655)\r\n\tat org.testng.SuiteRunner.runTest(SuiteRunner.java:366)\r\n\tat org.testng.SuiteRunner.runSequentially(SuiteRunner.java:361)\r\n\tat org.testng.SuiteRunner.privateRun(SuiteRunner.java:319)\r\n\tat org.testng.SuiteRunner.run(SuiteRunner.java:268)\r\n\tat org.testng.SuiteRunnerWorker.runSuite(SuiteRunnerWorker.java:52)\r\n\tat org.testng.SuiteRunnerWorker.run(SuiteRunnerWorker.java:86)\r\n\tat org.testng.TestNG.runSuitesSequentially(TestNG.java:1244)\r\n\tat org.testng.TestNG.runSuitesLocally(TestNG.java:1169)\r\n\tat org.testng.TestNG.run(TestNG.java:1064)\r\n\tat org.testng.remote.AbstractRemoteTestNG.run(AbstractRemoteTestNG.java:132)\r\n\tat org.testng.remote.RemoteTestNG.initAndRun(RemoteTestNG.java:230)\r\n\tat org.testng.remote.RemoteTestNG.main(RemoteTestNG.java:76)\r\nCaused by: org.openqa.selenium.NoSuchElementException: no such element: Unable to locate element: {\"method\":\"xpath\",\"selector\":\"//div[@class='main-content']/section/h1\"}\n  (Session info: chrome=58.0.3029.110)\n  (Driver info: chromedriver=2.29.461591 (62ebf098771772160f391d75e589dc567915b233),platform=Windows NT 6.3.9600 x86_64) (WARNING: The server did not provide any stacktrace information)\nCommand duration or timeout: 61 milliseconds\nFor documentation on this error, please visit: http://seleniumhq.org/exceptions/no_such_element.html\nBuild info: version: '2.53.0', revision: '35ae25b1534ae328c771e0856c93e187490ca824', time: '2016-03-15 10:43:46'\nSystem info: host: 'icpl12186', ip: '10.11.28.37', os.name: 'Windows 8.1', os.arch: 'amd64', os.version: '6.3', java.version: '1.8.0_111'\nDriver info: com.qmetry.qaf.automation.ui.webdriver.QAFExtendedWebDriver\nCapabilities [{applicationCacheEnabled=false, rotatable=false, mobileEmulationEnabled=false, networkConnectionEnabled=false, chrome={chromedriverVersion=2.29.461591 (62ebf098771772160f391d75e589dc567915b233), userDataDir=C:\\Users\\TAPAS~1.PAD\\AppData\\Local\\Temp\\scoped_dir9148_26353}, takesHeapSnapshot=true, pageLoadStrategy=normal, databaseEnabled=false, handlesAlerts=true, hasTouchScreen=false, version=58.0.3029.110, platform=WIN8_1, browserConnectionEnabled=false, nativeEvents=true, acceptSslCerts=true, locationContextEnabled=true, webStorageEnabled=true, browserName=chrome, takesScreenshot=true, javascriptEnabled=true, cssSelectorsEnabled=true, unexpectedAlertBehaviour=}]\nSession ID: 6a190a3ef38a454f5a05d1e1120631fa\n*** Element info: {Using=xpath, value=//div[@class='main-content']/section/h1}\r\n\tat sun.reflect.NativeConstructorAccessorImpl.newInstance0(Native Method)\r\n\tat sun.reflect.NativeConstructorAccessorImpl.newInstance(NativeConstructorAccessorImpl.java:62)\r\n\tat sun.reflect.DelegatingConstructorAccessorImpl.newInstance(DelegatingConstructorAccessorImpl.java:45)\r\n\tat java.lang.reflect.Constructor.newInstance(Constructor.java:423)\r\n\tat org.openqa.selenium.remote.ErrorHandler.createThrowable(ErrorHandler.java:206)\r\n\tat org.openqa.selenium.remote.ErrorHandler.throwIfResponseFailed(ErrorHandler.java:158)\r\n\tat org.openqa.selenium.remote.RemoteWebDriver.execute(RemoteWebDriver.java:678)\r\n\tat com.qmetry.qaf.automation.ui.webdriver.QAFExtendedWebDriver.execute(QAFExtendedWebDriver.java:234)\r\n\tat org.openqa.selenium.remote.RemoteWebDriver.findElement(RemoteWebDriver.java:363)\r\n\tat org.openqa.selenium.remote.RemoteWebDriver.findElementByXPath(RemoteWebDriver.java:500)\r\n\tat com.qmetry.qaf.automation.ui.webdriver.QAFExtendedWebDriver.findElementByXPath(QAFExtendedWebDriver.java:396)\r\n\tat com.qmetry.qaf.automation.ui.webdriver.QAFExtendedWebDriver.findElementByXPath(QAFExtendedWebDriver.java:1)\r\n\tat org.openqa.selenium.By$ByXPath.findElement(By.java:361)\r\n\tat org.openqa.selenium.remote.RemoteWebDriver.findElement(RemoteWebDriver.java:355)\r\n\tat com.qmetry.qaf.automation.ui.webdriver.QAFExtendedWebDriver.findElement(QAFExtendedWebDriver.java:169)\r\n\tat com.qmetry.qaf.automation.ui.webdriver.QAFExtendedWebDriver.findElement(QAFExtendedWebDriver.java:1)\r\n\tat org.openqa.selenium.support.ui.ExpectedConditions.findElement(ExpectedConditions.java:899)\r\n\tat org.openqa.selenium.support.ui.ExpectedConditions.access$000(ExpectedConditions.java:41)\r\n\tat org.openqa.selenium.support.ui.ExpectedConditions$6.apply(ExpectedConditions.java:181)\r\n\tat org.openqa.selenium.support.ui.ExpectedConditions$6.apply(ExpectedConditions.java:178)\r\n\tat org.openqa.selenium.support.ui.FluentWait.until(FluentWait.java:238)\r\n\t... 37 more\r\n"
}